<?xml version="1.0" encoding="utf-8"?>
<TestRun id="bdbaf28b-c3e2-44f6-a329-2082f82ca470" name="marcd@DESKTOP-R6AM851 2025-12-09 20:26:37" runUser="DESKTOP-R6AM851\marcd" xmlns="http://microsoft.com/schemas/VisualStudio/TeamTest/2010">
  <Times creation="2025-12-09T20:26:37.2164515+01:00" queuing="2025-12-09T20:26:37.2164518+01:00" start="2025-12-09T20:26:35.2033963+01:00" finish="2025-12-09T20:26:46.4042455+01:00" />
  <TestSettings name="default" id="4f7a3699-da82-470a-ae44-fdd22ebb42a0">
    <Deployment runDeploymentRoot="marcd_DESKTOP-R6AM851_2025-12-09_20_26_37" />
  </TestSettings>
  <Results>
    <UnitTestResult executionId="870727fa-c193-4ad0-83be-ba172c70382d" testId="2cbfc7fa-9afb-3ee6-3b07-fc5394551ca5" testName="CSharpInteropClass_StaticMethod_RenderedWithJSTypeNumber_ForSupportedNullableNumericParameterType(&quot;float?&quot;,&quot;float?&quot;)" computerName="DESKTOP-R6AM851" duration="00:00:00.0481120" startTime="2025-12-09T20:26:39.7615119+01:00" endTime="2025-12-09T20:26:39.8096238+01:00" testType="13cdc9d9-ddb5-4fa4-a97d-d965ccfc6d4b" outcome="Passed" testListId="8c84fa94-04c1-424b-9868-57a2d4851a1d" relativeResultsDirectory="870727fa-c193-4ad0-83be-ba172c70382d" />
    <UnitTestResult executionId="920fd3bb-14c7-44ca-b369-cf3bc3cd695b" testId="721ebf1c-9db6-b5aa-ae72-a5fc9e5d1fe8" testName="CSharpInteropClass_StaticMethod_HasJSTypeNumber_ForNumericReturnType(&quot;byte&quot;,&quot;byte&quot;)" computerName="DESKTOP-R6AM851" duration="00:00:00.0365080" startTime="2025-12-09T20:26:41.2756797+01:00" endTime="2025-12-09T20:26:41.3121870+01:00" testType="13cdc9d9-ddb5-4fa4-a97d-d965ccfc6d4b" outcome="Passed" testListId="8c84fa94-04c1-424b-9868-57a2d4851a1d" relativeResultsDirectory="920fd3bb-14c7-44ca-b369-cf3bc3cd695b" />
    <UnitTestResult executionId="aa78b3a7-8adb-4f5f-861f-10cc4aa966d6" testId="cb3a99a7-107f-daa2-e3c1-a4726a671ebe" testName="CSharpInteropClass_InstanceProperty_GeneratesGetAndSetFunctions(&quot;string&quot;,&quot;string&quot;,&quot;JSType.String&quot;)" computerName="DESKTOP-R6AM851" duration="00:00:00.6426990" startTime="2025-12-09T20:26:36.4155597+01:00" endTime="2025-12-09T20:26:37.0582136+01:00" testType="13cdc9d9-ddb5-4fa4-a97d-d965ccfc6d4b" outcome="Passed" testListId="8c84fa94-04c1-424b-9868-57a2d4851a1d" relativeResultsDirectory="aa78b3a7-8adb-4f5f-861f-10cc4aa966d6" />
    <UnitTestResult executionId="914e13b4-c1fb-4140-9600-0136e5db0ed1" testId="c5ff4dbb-a9e5-9224-ee1f-12702d108c9c" testName="CSharpInteropClass_StaticMethod_RenderedWithJSTypeNumber_ForSupportedNumericParameterType(&quot;int&quot;,&quot;int&quot;)" computerName="DESKTOP-R6AM851" duration="00:00:00.0499140" startTime="2025-12-09T20:26:40.2722974+01:00" endTime="2025-12-09T20:26:40.3222104+01:00" testType="13cdc9d9-ddb5-4fa4-a97d-d965ccfc6d4b" outcome="Passed" testListId="8c84fa94-04c1-424b-9868-57a2d4851a1d" relativeResultsDirectory="914e13b4-c1fb-4140-9600-0136e5db0ed1" />
    <UnitTestResult executionId="d312c603-27e5-4bf3-b582-95d8ddf177c1" testId="17238c80-e01f-faac-3fe6-bb5e9d1f3686" testName="CSharpInteropClass_StaticMethod_RenderedWithJSTypeNumber_ForSupportedNullableNumericParameterType(&quot;double?&quot;,&quot;double?&quot;)" computerName="DESKTOP-R6AM851" duration="00:00:00.0453680" startTime="2025-12-09T20:26:39.8590216+01:00" endTime="2025-12-09T20:26:39.9043889+01:00" testType="13cdc9d9-ddb5-4fa4-a97d-d965ccfc6d4b" outcome="Passed" testListId="8c84fa94-04c1-424b-9868-57a2d4851a1d" relativeResultsDirectory="d312c603-27e5-4bf3-b582-95d8ddf177c1" />
    <UnitTestResult executionId="90824c40-4cd6-46ae-afb2-1f09ef803ef5" testId="5b8c0618-b1a5-ddbf-ca14-bd6ecc54a756" testName="CSharpInteropClass_StaticMethod_HasJSTypePromiseNumber_ForNumericReturnType(&quot;int&quot;,&quot;int&quot;)" computerName="DESKTOP-R6AM851" duration="00:00:00.0511160" startTime="2025-12-09T20:26:43.0818888+01:00" endTime="2025-12-09T20:26:43.1330041+01:00" testType="13cdc9d9-ddb5-4fa4-a97d-d965ccfc6d4b" outcome="Passed" testListId="8c84fa94-04c1-424b-9868-57a2d4851a1d" relativeResultsDirectory="90824c40-4cd6-46ae-afb2-1f09ef803ef5" />
    <UnitTestResult executionId="383d3871-d2ee-46d2-b50f-6df97094c71c" testId="c9f4a355-fc9d-72e2-3470-3eb01ae54286" testName="ClassInfoBuilder_Throws_ForUnsupportedNumericReturnType(&quot;ulong&quot;,&quot;ulong&quot;)" computerName="DESKTOP-R6AM851" duration="00:00:00.0353830" startTime="2025-12-09T20:26:44.5424170+01:00" endTime="2025-12-09T20:26:44.5777995+01:00" testType="13cdc9d9-ddb5-4fa4-a97d-d965ccfc6d4b" outcome="Passed" testListId="8c84fa94-04c1-424b-9868-57a2d4851a1d" relativeResultsDirectory="383d3871-d2ee-46d2-b50f-6df97094c71c" />
    <UnitTestResult executionId="db04d7d7-dbac-42b8-9983-8d359e71c72c" testId="0b02e682-844f-d4ff-d894-313495f77e15" testName="CSharpInteropClass_StaticMethod_HasJSTypeNumber_ForNumericReturnType(&quot;nint&quot;,&quot;nint&quot;)" computerName="DESKTOP-R6AM851" duration="00:00:00.0378729" startTime="2025-12-09T20:26:41.7224622+01:00" endTime="2025-12-09T20:26:41.7603348+01:00" testType="13cdc9d9-ddb5-4fa4-a97d-d965ccfc6d4b" outcome="Passed" testListId="8c84fa94-04c1-424b-9868-57a2d4851a1d" relativeResultsDirectory="db04d7d7-dbac-42b8-9983-8d359e71c72c" />
    <UnitTestResult executionId="e30026b9-998a-4e89-92cc-6591ebb7a98c" testId="9526fc31-0c63-e7ce-95de-e9d89c468b8a" testName="ClassInfoBuilder_Throws_ForUnsupportedNumericReturnType(&quot;UInt64&quot;,&quot;ulong&quot;)" computerName="DESKTOP-R6AM851" duration="00:00:00.0350520" startTime="2025-12-09T20:26:44.5073410+01:00" endTime="2025-12-09T20:26:44.5423924+01:00" testType="13cdc9d9-ddb5-4fa4-a97d-d965ccfc6d4b" outcome="Passed" testListId="8c84fa94-04c1-424b-9868-57a2d4851a1d" relativeResultsDirectory="e30026b9-998a-4e89-92cc-6591ebb7a98c" />
    <UnitTestResult executionId="0e9c6a23-560e-4059-b92f-c7cc5fe99955" testId="ba177dfb-4bd7-3249-817e-dfe7c9540e46" testName="TypeScriptUserClassProxy_InstanceProperty_GeneratesGetAndSetFunctions(&quot;double&quot;,&quot;number&quot;)" computerName="DESKTOP-R6AM851" duration="00:00:00.0384330" startTime="2025-12-09T20:26:45.6061228+01:00" endTime="2025-12-09T20:26:45.6445554+01:00" testType="13cdc9d9-ddb5-4fa4-a97d-d965ccfc6d4b" outcome="Passed" testListId="8c84fa94-04c1-424b-9868-57a2d4851a1d" relativeResultsDirectory="0e9c6a23-560e-4059-b92f-c7cc5fe99955" />
    <UnitTestResult executionId="57508f82-2655-435d-b285-33c19e8c75b1" testId="e772a50f-6a4f-bae9-f9a3-41f732a7cf9a" testName="CSharpInteropClass_StaticMethod_HasJSTypePromiseNumber_ForNumericTaskParameterType(&quot;IntPtr&quot;,&quot;nint&quot;)" computerName="DESKTOP-R6AM851" duration="00:00:00.0362070" startTime="2025-12-09T20:26:42.6099681+01:00" endTime="2025-12-09T20:26:42.6461744+01:00" testType="13cdc9d9-ddb5-4fa4-a97d-d965ccfc6d4b" outcome="Passed" testListId="8c84fa94-04c1-424b-9868-57a2d4851a1d" relativeResultsDirectory="57508f82-2655-435d-b285-33c19e8c75b1" />
    <UnitTestResult executionId="f965d091-cafc-48bb-b58a-5258741eb4d4" testId="47493072-1add-33f2-e1bd-27bcfbe3dfbb" testName="TypeScriptUserClassProxy_InstanceProperty_GeneratesGetAndSetFunctions(&quot;string&quot;,&quot;string&quot;)" computerName="DESKTOP-R6AM851" duration="00:00:00.0423190" startTime="2025-12-09T20:26:45.5637759+01:00" endTime="2025-12-09T20:26:45.6060903+01:00" testType="13cdc9d9-ddb5-4fa4-a97d-d965ccfc6d4b" outcome="Passed" testListId="8c84fa94-04c1-424b-9868-57a2d4851a1d" relativeResultsDirectory="f965d091-cafc-48bb-b58a-5258741eb4d4" />
    <UnitTestResult executionId="505897b0-636a-42f9-b267-87a716a67274" testId="bdb57077-2d7f-3615-ca79-3c919e4c1a67" testName="CSharpInteropClass_StaticMethod_HasJSTypePromiseAny_ForUserClassTaskParameterType" computerName="DESKTOP-R6AM851" duration="00:00:00.0486820" startTime="2025-12-09T20:26:42.0958341+01:00" endTime="2025-12-09T20:26:42.1445154+01:00" testType="13cdc9d9-ddb5-4fa4-a97d-d965ccfc6d4b" outcome="Passed" testListId="8c84fa94-04c1-424b-9868-57a2d4851a1d" relativeResultsDirectory="505897b0-636a-42f9-b267-87a716a67274" />
    <UnitTestResult executionId="4344df04-160d-48de-8833-6b13044e5e52" testId="c1811155-486d-e5e0-57e9-f410da5dd970" testName="TypeScriptInteropInterfaceRenderer_InstanceMethod_WithNullableUserClassParameterType_HasObjectOrNullType" computerName="DESKTOP-R6AM851" duration="00:00:00.0391870" startTime="2025-12-09T20:26:45.2341195+01:00" endTime="2025-12-09T20:26:45.2733064+01:00" testType="13cdc9d9-ddb5-4fa4-a97d-d965ccfc6d4b" outcome="Passed" testListId="8c84fa94-04c1-424b-9868-57a2d4851a1d" relativeResultsDirectory="4344df04-160d-48de-8833-6b13044e5e52" />
    <UnitTestResult executionId="955252f2-784b-418f-ac16-ab4ac1f0a606" testId="ada4309c-e944-9bc3-af7e-3f15089eff31" testName="CSharpInteropClass_StaticMethod_HasJSTypePromiseAny_ForNonUserClassTaskParameterType(&quot;Uri&quot;,&quot;new Uri(\&quot;http://example.com\&quot;)&quot;)" computerName="DESKTOP-R6AM851" duration="00:00:00.0517040" startTime="2025-12-09T20:26:42.0440881+01:00" endTime="2025-12-09T20:26:42.0957919+01:00" testType="13cdc9d9-ddb5-4fa4-a97d-d965ccfc6d4b" outcome="Passed" testListId="8c84fa94-04c1-424b-9868-57a2d4851a1d" relativeResultsDirectory="955252f2-784b-418f-ac16-ab4ac1f0a606" />
    <UnitTestResult executionId="501f320f-0887-4110-aaa9-26c7e39f3b4d" testId="5e237d91-ac17-fa03-7d98-2730a2bcd171" testName="ClassInfoBuilder_DoesNotParseNonPublicProperties" computerName="DESKTOP-R6AM851" duration="00:00:00.0384360" startTime="2025-12-09T20:26:43.4804768+01:00" endTime="2025-12-09T20:26:43.5189122+01:00" testType="13cdc9d9-ddb5-4fa4-a97d-d965ccfc6d4b" outcome="Passed" testListId="8c84fa94-04c1-424b-9868-57a2d4851a1d" relativeResultsDirectory="501f320f-0887-4110-aaa9-26c7e39f3b4d" />
    <UnitTestResult executionId="cb74d78c-8e0e-4013-a6e4-ae694dcfaba3" testId="be99a2e5-89d1-a72a-6e04-b1ab646ec84b" testName="ClassInfoBuilder_DoesNotParseNonPublicMethods" computerName="DESKTOP-R6AM851" duration="00:00:00.0378309" startTime="2025-12-09T20:26:43.4426203+01:00" endTime="2025-12-09T20:26:43.4804510+01:00" testType="13cdc9d9-ddb5-4fa4-a97d-d965ccfc6d4b" outcome="Passed" testListId="8c84fa94-04c1-424b-9868-57a2d4851a1d" relativeResultsDirectory="cb74d78c-8e0e-4013-a6e4-ae694dcfaba3" />
    <UnitTestResult executionId="5a5e5dbf-2cb1-479f-9fb3-a6bcfd95d428" testId="82d02163-6ff8-a450-bb62-3ef4c9ad4c2a" testName="CSharpInteropClass_DynamicMethod_RenderedWithJSTypeNumber_ForSupportedNumericParameterType(&quot;short&quot;,&quot;short&quot;)" computerName="DESKTOP-R6AM851" duration="00:00:00.0584340" startTime="2025-12-09T20:26:38.7747123+01:00" endTime="2025-12-09T20:26:38.8331459+01:00" testType="13cdc9d9-ddb5-4fa4-a97d-d965ccfc6d4b" outcome="Passed" testListId="8c84fa94-04c1-424b-9868-57a2d4851a1d" relativeResultsDirectory="5a5e5dbf-2cb1-479f-9fb3-a6bcfd95d428" />
    <UnitTestResult executionId="5faa8e1b-7118-44cd-9fbe-734ec94cad01" testId="a0e3da7f-74eb-cb7c-b37a-e98491b8f520" testName="TypeScriptUserClassInterface_InstanceProperty_GeneratesGetAndSetFunctions(&quot;double&quot;,&quot;number&quot;)" computerName="DESKTOP-R6AM851" duration="00:00:00.0520770" startTime="2025-12-09T20:26:45.4704075+01:00" endTime="2025-12-09T20:26:45.5224836+01:00" testType="13cdc9d9-ddb5-4fa4-a97d-d965ccfc6d4b" outcome="Passed" testListId="8c84fa94-04c1-424b-9868-57a2d4851a1d" relativeResultsDirectory="5faa8e1b-7118-44cd-9fbe-734ec94cad01" />
    <UnitTestResult executionId="ebd307a1-730f-4b6f-bb6e-c60b2a2937dc" testId="72ed0c88-00af-8a58-9008-52e0cdb7c206" testName="CSharpInteropClass_StaticMethod_HasJSTypeNumber_ForNullableNumericReturnType(&quot;nint?&quot;,&quot;nint?&quot;)" computerName="DESKTOP-R6AM851" duration="00:00:00.0366099" startTime="2025-12-09T20:26:41.2023978+01:00" endTime="2025-12-09T20:26:41.2390079+01:00" testType="13cdc9d9-ddb5-4fa4-a97d-d965ccfc6d4b" outcome="Passed" testListId="8c84fa94-04c1-424b-9868-57a2d4851a1d" relativeResultsDirectory="ebd307a1-730f-4b6f-bb6e-c60b2a2937dc" />
    <UnitTestResult executionId="4cd34714-88c3-43e4-b405-9bd08df76156" testId="b62ad0a0-435c-49c1-36a9-dcaf886d1f9f" testName="ClassSyntax_WithTsExportAttribute_Does_GetProcessed" computerName="DESKTOP-R6AM851" duration="00:00:00.0352420" startTime="2025-12-09T20:26:45.1986308+01:00" endTime="2025-12-09T20:26:45.2338717+01:00" testType="13cdc9d9-ddb5-4fa4-a97d-d965ccfc6d4b" outcome="Passed" testListId="8c84fa94-04c1-424b-9868-57a2d4851a1d" relativeResultsDirectory="4cd34714-88c3-43e4-b405-9bd08df76156" />
    <UnitTestResult executionId="b02abec9-aadc-4df7-984e-33157b629782" testId="4bd4ecb0-d441-1925-53ad-4c0873d447c7" testName="CSharpInteropClass_StaticMethod_RenderedWithJSTypeNumber_ForSupportedNumericParameterType(&quot;short&quot;,&quot;short&quot;)" computerName="DESKTOP-R6AM851" duration="00:00:00.0486610" startTime="2025-12-09T20:26:40.1739108+01:00" endTime="2025-12-09T20:26:40.2225713+01:00" testType="13cdc9d9-ddb5-4fa4-a97d-d965ccfc6d4b" outcome="Passed" testListId="8c84fa94-04c1-424b-9868-57a2d4851a1d" relativeResultsDirectory="b02abec9-aadc-4df7-984e-33157b629782" />
    <UnitTestResult executionId="d32cd26d-8254-4341-a334-a43a4fa22e84" testId="900a99c4-2cae-8fd6-c506-7da4f420847a" testName="CSharpInteropClass_StaticMethod_HasJSTypeNumber_ForNumericReturnType(&quot;Int16&quot;,&quot;short&quot;)" computerName="DESKTOP-R6AM851" duration="00:00:00.0359110" startTime="2025-12-09T20:26:41.3122120+01:00" endTime="2025-12-09T20:26:41.3481224+01:00" testType="13cdc9d9-ddb5-4fa4-a97d-d965ccfc6d4b" outcome="Passed" testListId="8c84fa94-04c1-424b-9868-57a2d4851a1d" relativeResultsDirectory="d32cd26d-8254-4341-a334-a43a4fa22e84" />
    <UnitTestResult executionId="1fe8cca9-9059-4633-8ad5-78a59d20a25f" testId="859358cb-2131-6acf-a8fc-b5177c1171f0" testName="CSharpInteropClass_StaticMethod_HasJSTypePromiseArrayNumber_ForNumericArrayReturnType(&quot;Double&quot;,&quot;double&quot;)" computerName="DESKTOP-R6AM851" duration="00:00:00.0688100" startTime="2025-12-09T20:26:38.0104674+01:00" endTime="2025-12-09T20:26:38.0792772+01:00" testType="13cdc9d9-ddb5-4fa4-a97d-d965ccfc6d4b" outcome="Passed" testListId="8c84fa94-04c1-424b-9868-57a2d4851a1d" relativeResultsDirectory="1fe8cca9-9059-4633-8ad5-78a59d20a25f" />
    <UnitTestResult executionId="7832cb65-7a06-4240-afd0-b2895875b59a" testId="67b38781-1791-1cda-af3b-52c73ed568d7" testName="CSharpInteropClass_DynamicMethod_RenderedWithJSTypeNumber_ForSupportedNumericParameterType(&quot;long&quot;,&quot;long&quot;)" computerName="DESKTOP-R6AM851" duration="00:00:00.0526300" startTime="2025-12-09T20:26:39.0027351+01:00" endTime="2025-12-09T20:26:39.0553648+01:00" testType="13cdc9d9-ddb5-4fa4-a97d-d965ccfc6d4b" outcome="Passed" testListId="8c84fa94-04c1-424b-9868-57a2d4851a1d" relativeResultsDirectory="7832cb65-7a06-4240-afd0-b2895875b59a" />
    <UnitTestResult executionId="4035277f-b874-423b-8264-b3ba878881e1" testId="e1f5e617-c736-5e65-8d6a-aadbb22abf38" testName="CSharpInteropClass_StaticMethod_RenderedWithJSTypeNumber_ForSupportedNumericParameterType(&quot;Byte&quot;,&quot;byte&quot;)" computerName="DESKTOP-R6AM851" duration="00:00:00.0490200" startTime="2025-12-09T20:26:40.0000933+01:00" endTime="2025-12-09T20:26:40.0491130+01:00" testType="13cdc9d9-ddb5-4fa4-a97d-d965ccfc6d4b" outcome="Passed" testListId="8c84fa94-04c1-424b-9868-57a2d4851a1d" relativeResultsDirectory="4035277f-b874-423b-8264-b3ba878881e1" />
    <UnitTestResult executionId="3b2b54e0-a50d-4266-af28-79c362cae781" testId="129e2904-fed5-3c0f-3d73-57a1f35eff69" testName="ClassInfoBuilder_Throws_ForUnsupportedTaskTypeArguments(&quot;Task&quot;)" computerName="DESKTOP-R6AM851" duration="00:00:00.0351990" startTime="2025-12-09T20:26:44.9500116+01:00" endTime="2025-12-09T20:26:44.9852092+01:00" testType="13cdc9d9-ddb5-4fa4-a97d-d965ccfc6d4b" outcome="Passed" testListId="8c84fa94-04c1-424b-9868-57a2d4851a1d" relativeResultsDirectory="3b2b54e0-a50d-4266-af28-79c362cae781" />
    <UnitTestResult executionId="67afbd46-0ba8-4420-90cf-0837a1491fbf" testId="95668bc4-b77b-4357-bfc0-28e1ea2b5df0" testName="ClassInfoBuilder_Throws_ForUnsupportedTaskTypeArguments(&quot;Task&lt;int&gt;&quot;)" computerName="DESKTOP-R6AM851" duration="00:00:00.0357040" startTime="2025-12-09T20:26:44.9852350+01:00" endTime="2025-12-09T20:26:45.0209382+01:00" testType="13cdc9d9-ddb5-4fa4-a97d-d965ccfc6d4b" outcome="Passed" testListId="8c84fa94-04c1-424b-9868-57a2d4851a1d" relativeResultsDirectory="67afbd46-0ba8-4420-90cf-0837a1491fbf" />
    <UnitTestResult executionId="830cc4bb-87ee-4dc4-accf-82bdf272342c" testId="800290db-b6d2-57d1-4f09-a8d6ae861eab" testName="CSharpInteropClass_InstanceProperty_WithUserClassType" computerName="DESKTOP-R6AM851" duration="00:00:00.0972770" startTime="2025-12-09T20:26:37.2765386+01:00" endTime="2025-12-09T20:26:37.3738153+01:00" testType="13cdc9d9-ddb5-4fa4-a97d-d965ccfc6d4b" outcome="Passed" testListId="8c84fa94-04c1-424b-9868-57a2d4851a1d" relativeResultsDirectory="830cc4bb-87ee-4dc4-accf-82bdf272342c" />
    <UnitTestResult executionId="6b768316-41e4-40da-a24c-ef4cfc2da69f" testId="c5adbba5-86a2-630c-150d-7e60a04a60f0" testName="TypeScriptUserModuleClass_StaticProperty_GeneratesGetAndSetFunctions(&quot;string&quot;,&quot;string&quot;)" computerName="DESKTOP-R6AM851" duration="00:00:00.0373590" startTime="2025-12-09T20:26:45.7948969+01:00" endTime="2025-12-09T20:26:45.8322552+01:00" testType="13cdc9d9-ddb5-4fa4-a97d-d965ccfc6d4b" outcome="Passed" testListId="8c84fa94-04c1-424b-9868-57a2d4851a1d" relativeResultsDirectory="6b768316-41e4-40da-a24c-ef4cfc2da69f" />
    <UnitTestResult executionId="1e72efbe-dda6-4a57-a9e2-ff6391c35149" testId="7634c337-f2ec-4b03-64b0-b7ea26e538ae" testName="ClassInfoBuilder_Throws_ForUnsupportedTaskTypeArguments(&quot;long?&quot;)" computerName="DESKTOP-R6AM851" duration="00:00:00.0350310" startTime="2025-12-09T20:26:44.9149588+01:00" endTime="2025-12-09T20:26:44.9499892+01:00" testType="13cdc9d9-ddb5-4fa4-a97d-d965ccfc6d4b" outcome="Passed" testListId="8c84fa94-04c1-424b-9868-57a2d4851a1d" relativeResultsDirectory="1e72efbe-dda6-4a57-a9e2-ff6391c35149" />
    <UnitTestResult executionId="ebb5e13f-97e9-48f2-b3f8-a18449d9bac4" testId="594beb72-cc42-1e2b-cd3b-229aba4f30a1" testName="CSharpInteropClass_StaticMethod_HasJSTypePromiseNumber_ForNumericReturnType(&quot;short&quot;,&quot;short&quot;)" computerName="DESKTOP-R6AM851" duration="00:00:00.0472180" startTime="2025-12-09T20:26:42.9852745+01:00" endTime="2025-12-09T20:26:43.0324917+01:00" testType="13cdc9d9-ddb5-4fa4-a97d-d965ccfc6d4b" outcome="Passed" testListId="8c84fa94-04c1-424b-9868-57a2d4851a1d" relativeResultsDirectory="ebb5e13f-97e9-48f2-b3f8-a18449d9bac4" />
    <UnitTestResult executionId="cd64faf7-1289-46c8-b55e-007b9dece499" testId="903964dc-f91f-f494-972b-ecbc27699907" testName="CSharpInteropClass_StaticMethod_HasJSTypePromiseArrayNumber_ForNumericArrayReturnType(&quot;double&quot;,&quot;double&quot;)" computerName="DESKTOP-R6AM851" duration="00:00:00.0740760" startTime="2025-12-09T20:26:38.0793028+01:00" endTime="2025-12-09T20:26:38.1533780+01:00" testType="13cdc9d9-ddb5-4fa4-a97d-d965ccfc6d4b" outcome="Passed" testListId="8c84fa94-04c1-424b-9868-57a2d4851a1d" relativeResultsDirectory="cd64faf7-1289-46c8-b55e-007b9dece499" />
    <UnitTestResult executionId="b97acdb7-26f3-494a-bddb-0a527f5c1ba5" testId="f8d435d3-02a5-8463-f71c-c851ac4c5e4f" testName="CSharpInteropClass_InstanceProperty_GeneratesGetAndSetFunctions(&quot;bool&quot;,&quot;bool&quot;,&quot;JSType.Boolean&quot;)" computerName="DESKTOP-R6AM851" duration="00:00:00.0705870" startTime="2025-12-09T20:26:37.1215815+01:00" endTime="2025-12-09T20:26:37.1921683+01:00" testType="13cdc9d9-ddb5-4fa4-a97d-d965ccfc6d4b" outcome="Passed" testListId="8c84fa94-04c1-424b-9868-57a2d4851a1d" relativeResultsDirectory="b97acdb7-26f3-494a-bddb-0a527f5c1ba5" />
    <UnitTestResult executionId="ec98be4d-c91c-45ed-921d-6b27228ada83" testId="c0d9cfdd-200a-4004-f3b6-08890ec87cba" testName="CSharpInteropClass_DynamicMethod_HasJSTypePromiseAny_ForUserClassReturnType" computerName="DESKTOP-R6AM851" duration="00:00:00.0361990" startTime="2025-12-09T20:26:42.6827920+01:00" endTime="2025-12-09T20:26:42.7189902+01:00" testType="13cdc9d9-ddb5-4fa4-a97d-d965ccfc6d4b" outcome="Passed" testListId="8c84fa94-04c1-424b-9868-57a2d4851a1d" relativeResultsDirectory="ec98be4d-c91c-45ed-921d-6b27228ada83" />
    <UnitTestResult executionId="d972f984-947b-4921-94e5-86e7cb6e754d" testId="dd07cac4-281b-9d32-ad78-729432dbb2eb" testName="CSharpInteropClass_StaticMethod_HasJSTypePromiseNumber_ForNumericTaskParameterType(&quot;Byte&quot;,&quot;byte&quot;)" computerName="DESKTOP-R6AM851" duration="00:00:00.0409550" startTime="2025-12-09T20:26:42.1445724+01:00" endTime="2025-12-09T20:26:42.1855270+01:00" testType="13cdc9d9-ddb5-4fa4-a97d-d965ccfc6d4b" outcome="Passed" testListId="8c84fa94-04c1-424b-9868-57a2d4851a1d" relativeResultsDirectory="d972f984-947b-4921-94e5-86e7cb6e754d" />
    <UnitTestResult executionId="eb7785c8-0dd2-43d9-a6b1-85db1c0ecb0b" testId="0150323d-7e98-f79b-c490-7586342633ea" testName="CSharpInteropClass_StaticMethod_HasJSTypeNumber_ForNumericReturnType(&quot;Double&quot;,&quot;double&quot;)" computerName="DESKTOP-R6AM851" duration="00:00:00.0374460" startTime="2025-12-09T20:26:41.6070462+01:00" endTime="2025-12-09T20:26:41.6444922+01:00" testType="13cdc9d9-ddb5-4fa4-a97d-d965ccfc6d4b" outcome="Passed" testListId="8c84fa94-04c1-424b-9868-57a2d4851a1d" relativeResultsDirectory="eb7785c8-0dd2-43d9-a6b1-85db1c0ecb0b" />
    <UnitTestResult executionId="f051c2d1-ca1a-4b0c-a1f2-777638aee203" testId="ec61baa5-19f4-791f-c47c-a6004342770d" testName="CSharpInteropClass_DynamicMethod_RenderedWithJSTypeNumber_ForSupportedNumericParameterType(&quot;double&quot;,&quot;double&quot;)" computerName="DESKTOP-R6AM851" duration="00:00:00.0486689" startTime="2025-12-09T20:26:39.2406364+01:00" endTime="2025-12-09T20:26:39.2893047+01:00" testType="13cdc9d9-ddb5-4fa4-a97d-d965ccfc6d4b" outcome="Passed" testListId="8c84fa94-04c1-424b-9868-57a2d4851a1d" relativeResultsDirectory="f051c2d1-ca1a-4b0c-a1f2-777638aee203" />
    <UnitTestResult executionId="57257c23-a14e-4051-91a3-42c129f56545" testId="c2d5302c-25e8-5314-4a3b-a3b222bb85fd" testName="CSharpInteropClass_StaticMethod_HasJSTypeNumber_ForNumericReturnType(&quot;double&quot;,&quot;double&quot;)" computerName="DESKTOP-R6AM851" duration="00:00:00.0393900" startTime="2025-12-09T20:26:41.6445163+01:00" endTime="2025-12-09T20:26:41.6839051+01:00" testType="13cdc9d9-ddb5-4fa4-a97d-d965ccfc6d4b" outcome="Passed" testListId="8c84fa94-04c1-424b-9868-57a2d4851a1d" relativeResultsDirectory="57257c23-a14e-4051-91a3-42c129f56545" />
    <UnitTestResult executionId="1f6e8be2-b196-46ae-a148-79f6f3a35eb8" testId="e9b11b5c-d4e2-51c5-7791-bdae9687f448" testName="TypeScriptUserClassInterface_InstanceProperty_GeneratesGetAndSetFunctions(&quot;string&quot;,&quot;string&quot;)" computerName="DESKTOP-R6AM851" duration="00:00:00.0543040" startTime="2025-12-09T20:26:45.4160623+01:00" endTime="2025-12-09T20:26:45.4703654+01:00" testType="13cdc9d9-ddb5-4fa4-a97d-d965ccfc6d4b" outcome="Passed" testListId="8c84fa94-04c1-424b-9868-57a2d4851a1d" relativeResultsDirectory="1f6e8be2-b196-46ae-a148-79f6f3a35eb8" />
    <UnitTestResult executionId="6c19384f-5c6c-4f82-bb4e-9aeef1bfdb04" testId="0f740f42-ac2f-e401-0f94-a2466f998afb" testName="TypeScriptUserClassProxy_InstanceMethod_WithUserClassTaskParameterType_ExtractsInstanceProperty" computerName="DESKTOP-R6AM851" duration="00:00:00.0485380" startTime="2025-12-09T20:26:46.2246246+01:00" endTime="2025-12-09T20:26:46.2731623+01:00" testType="13cdc9d9-ddb5-4fa4-a97d-d965ccfc6d4b" outcome="Passed" testListId="8c84fa94-04c1-424b-9868-57a2d4851a1d" relativeResultsDirectory="6c19384f-5c6c-4f82-bb4e-9aeef1bfdb04" />
    <UnitTestResult executionId="aaca66fc-5965-4ede-8fca-84b9af3b37cd" testId="22b72f8f-45c5-53f9-b34e-37ce0b324538" testName="TypeScriptUserClassProxy_InstanceMethod_WithUserClassArrayParameterType_ExtractsInstanceProperty" computerName="DESKTOP-R6AM851" duration="00:00:00.0361939" startTime="2025-12-09T20:26:46.0824295+01:00" endTime="2025-12-09T20:26:46.1186232+01:00" testType="13cdc9d9-ddb5-4fa4-a97d-d965ccfc6d4b" outcome="Passed" testListId="8c84fa94-04c1-424b-9868-57a2d4851a1d" relativeResultsDirectory="aaca66fc-5965-4ede-8fca-84b9af3b37cd" />
    <UnitTestResult executionId="d7668a4d-2bfd-4d66-ab3b-eeabe344fa0d" testId="816df91f-869c-5382-a465-74f5f9b79b13" testName="TypeScriptUserClassProxy_InstanceMethod_GeneratesSimpleFunction(&quot;string&quot;,&quot;string&quot;)" computerName="DESKTOP-R6AM851" duration="00:00:00.0353480" startTime="2025-12-09T20:26:45.9043951+01:00" endTime="2025-12-09T20:26:45.9397433+01:00" testType="13cdc9d9-ddb5-4fa4-a97d-d965ccfc6d4b" outcome="Passed" testListId="8c84fa94-04c1-424b-9868-57a2d4851a1d" relativeResultsDirectory="d7668a4d-2bfd-4d66-ab3b-eeabe344fa0d" />
    <UnitTestResult executionId="5ebfa7f7-59d3-44c3-a75d-95dc10d9496c" testId="e5b1ef21-de34-6b79-5432-7c5e3ef49c00" testName="CSharpInteropClass_StaticMethod_HasJSTypePromiseArrayNumber_ForNumericArrayReturnType(&quot;Byte&quot;,&quot;byte&quot;)" computerName="DESKTOP-R6AM851" duration="00:00:00.0775480" startTime="2025-12-09T20:26:37.7049887+01:00" endTime="2025-12-09T20:26:37.7825364+01:00" testType="13cdc9d9-ddb5-4fa4-a97d-d965ccfc6d4b" outcome="Passed" testListId="8c84fa94-04c1-424b-9868-57a2d4851a1d" relativeResultsDirectory="5ebfa7f7-59d3-44c3-a75d-95dc10d9496c" />
    <UnitTestResult executionId="ace5b6a8-a61e-4ff3-9b43-0e0a9bf94e3f" testId="d1abf122-1837-120e-a920-76d691c63e7c" testName="CSharpInteropClass_StaticMethod_HasJSTypePromiseNumber_ForNumericReturnType(&quot;Int16&quot;,&quot;short&quot;)" computerName="DESKTOP-R6AM851" duration="00:00:00.0670449" startTime="2025-12-09T20:26:42.9182038+01:00" endTime="2025-12-09T20:26:42.9852484+01:00" testType="13cdc9d9-ddb5-4fa4-a97d-d965ccfc6d4b" outcome="Passed" testListId="8c84fa94-04c1-424b-9868-57a2d4851a1d" relativeResultsDirectory="ace5b6a8-a61e-4ff3-9b43-0e0a9bf94e3f" />
    <UnitTestResult executionId="d690f014-04d2-4713-92fb-d4fc9021cefc" testId="611d77c2-7717-19ef-6073-98046f50b2fc" testName="CSharpInteropClass_StaticMethod_HasJSTypePromiseNumber_ForNumericReturnType(&quot;double&quot;,&quot;double&quot;)" computerName="DESKTOP-R6AM851" duration="00:00:00.0357750" startTime="2025-12-09T20:26:43.3308474+01:00" endTime="2025-12-09T20:26:43.3666213+01:00" testType="13cdc9d9-ddb5-4fa4-a97d-d965ccfc6d4b" outcome="Passed" testListId="8c84fa94-04c1-424b-9868-57a2d4851a1d" relativeResultsDirectory="d690f014-04d2-4713-92fb-d4fc9021cefc" />
    <UnitTestResult executionId="700cc379-1802-4a76-a40b-812648add7c0" testId="26144505-acce-4450-5ee9-9fa85d3694d2" testName="CSharpInteropClass_StaticMethod_RenderedWithJSTypeNumber_ForSupportedNumericParameterType(&quot;Int64&quot;,&quot;long&quot;)" computerName="DESKTOP-R6AM851" duration="00:00:00.0457090" startTime="2025-12-09T20:26:40.3222418+01:00" endTime="2025-12-09T20:26:40.3679504+01:00" testType="13cdc9d9-ddb5-4fa4-a97d-d965ccfc6d4b" outcome="Passed" testListId="8c84fa94-04c1-424b-9868-57a2d4851a1d" relativeResultsDirectory="700cc379-1802-4a76-a40b-812648add7c0" />
    <UnitTestResult executionId="b96bd293-a7b8-470c-8fa2-9fc4b933ee6a" testId="3c437f7e-a6a1-cf4f-c757-e3524aa5c85b" testName="CSharpInteropClass_StaticMethod_RenderedWithJSTypeNumber_ForSupportedNumericParameterType(&quot;long&quot;,&quot;long&quot;)" computerName="DESKTOP-R6AM851" duration="00:00:00.0439850" startTime="2025-12-09T20:26:40.3679797+01:00" endTime="2025-12-09T20:26:40.4119636+01:00" testType="13cdc9d9-ddb5-4fa4-a97d-d965ccfc6d4b" outcome="Passed" testListId="8c84fa94-04c1-424b-9868-57a2d4851a1d" relativeResultsDirectory="b96bd293-a7b8-470c-8fa2-9fc4b933ee6a" />
    <UnitTestResult executionId="72e92218-c1da-424f-a459-439035081fe3" testId="bab9cd29-9a93-4611-4e67-f2b720460f60" testName="CSharpInteropClass_StaticMethod_HasJSTypePromiseNumber_ForNumericReturnType(&quot;Int64&quot;,&quot;long&quot;)" computerName="DESKTOP-R6AM851" duration="00:00:00.0429130" startTime="2025-12-09T20:26:43.1330351+01:00" endTime="2025-12-09T20:26:43.1759473+01:00" testType="13cdc9d9-ddb5-4fa4-a97d-d965ccfc6d4b" outcome="Passed" testListId="8c84fa94-04c1-424b-9868-57a2d4851a1d" relativeResultsDirectory="72e92218-c1da-424f-a459-439035081fe3" />
    <UnitTestResult executionId="a3a8c3e5-bfb0-422a-b623-adb7e1f2ae81" testId="522c59b5-0bdb-d11e-6161-acf05bdd741f" testName="ClassInfoBuilder_Throws_ForUnsupportedTaskTypeArguments(&quot;int?&quot;)" computerName="DESKTOP-R6AM851" duration="00:00:00.0384080" startTime="2025-12-09T20:26:44.8040380+01:00" endTime="2025-12-09T20:26:44.8424455+01:00" testType="13cdc9d9-ddb5-4fa4-a97d-d965ccfc6d4b" outcome="Passed" testListId="8c84fa94-04c1-424b-9868-57a2d4851a1d" relativeResultsDirectory="a3a8c3e5-bfb0-422a-b623-adb7e1f2ae81" />
    <UnitTestResult executionId="e8da4c6b-ce66-452a-bed2-a71519e2e282" testId="363886c0-25e4-7ebe-a5ff-895add11ebc8" testName="ClassInfoBuilder_Throws_ForUnsupportedNumericReturnType(&quot;decimal&quot;,&quot;decimal&quot;)" computerName="DESKTOP-R6AM851" duration="00:00:00.0391979" startTime="2025-12-09T20:26:44.7250290+01:00" endTime="2025-12-09T20:26:44.7642260+01:00" testType="13cdc9d9-ddb5-4fa4-a97d-d965ccfc6d4b" outcome="Passed" testListId="8c84fa94-04c1-424b-9868-57a2d4851a1d" relativeResultsDirectory="e8da4c6b-ce66-452a-bed2-a71519e2e282" />
    <UnitTestResult executionId="2b666148-ef2b-4e36-81fc-a98f683f8d5d" testId="499ab1c9-a560-bf85-6cbf-999a9dcd5a36" testName="CSharpInteropClass_DynamicMethod_RenderedWithJSTypeNumber_ForSupportedNumericParameterType(&quot;Int16&quot;,&quot;short&quot;)" computerName="DESKTOP-R6AM851" duration="00:00:00.0538210" startTime="2025-12-09T20:26:38.7208671+01:00" endTime="2025-12-09T20:26:38.7746878+01:00" testType="13cdc9d9-ddb5-4fa4-a97d-d965ccfc6d4b" outcome="Passed" testListId="8c84fa94-04c1-424b-9868-57a2d4851a1d" relativeResultsDirectory="2b666148-ef2b-4e36-81fc-a98f683f8d5d" />
    <UnitTestResult executionId="5a57265a-c31d-4978-a4d6-643ec94bd470" testId="17575cce-9b2e-d06e-a5d7-4c4c2a1b276a" testName="ClassInfoBuilder_Throws_ForUnsupportedNumericReturnType(&quot;UInt16&quot;,&quot;ushort&quot;)" computerName="DESKTOP-R6AM851" duration="00:00:00.0425170" startTime="2025-12-09T20:26:44.3443124+01:00" endTime="2025-12-09T20:26:44.3868281+01:00" testType="13cdc9d9-ddb5-4fa4-a97d-d965ccfc6d4b" outcome="Passed" testListId="8c84fa94-04c1-424b-9868-57a2d4851a1d" relativeResultsDirectory="5a57265a-c31d-4978-a4d6-643ec94bd470" />
    <UnitTestResult executionId="961ffb4d-9cb3-43f5-9a16-91fc2954f12d" testId="0c46e9e8-6e6f-4534-92af-4c1a85a8990b" testName="CSharpInteropClass_StaticMethod_HasJSTypeDateTime_ForDateTimeParameterType(&quot;DateTimeOffset&quot;)" computerName="DESKTOP-R6AM851" duration="00:00:00.0586110" startTime="2025-12-09T20:26:38.3452419+01:00" endTime="2025-12-09T20:26:38.4038520+01:00" testType="13cdc9d9-ddb5-4fa4-a97d-d965ccfc6d4b" outcome="Passed" testListId="8c84fa94-04c1-424b-9868-57a2d4851a1d" relativeResultsDirectory="961ffb4d-9cb3-43f5-9a16-91fc2954f12d" />
    <UnitTestResult executionId="ce996e67-11e4-4004-b6e2-81becef5292d" testId="ed805996-1430-5805-6028-2b4233483915" testName="ClassInfoBuilder_Throws_ForUnsupportedNumericReturnType(&quot;ushort&quot;,&quot;ushort&quot;)" computerName="DESKTOP-R6AM851" duration="00:00:00.0413419" startTime="2025-12-09T20:26:44.3868544+01:00" endTime="2025-12-09T20:26:44.4281962+01:00" testType="13cdc9d9-ddb5-4fa4-a97d-d965ccfc6d4b" outcome="Passed" testListId="8c84fa94-04c1-424b-9868-57a2d4851a1d" relativeResultsDirectory="ce996e67-11e4-4004-b6e2-81becef5292d" />
    <UnitTestResult executionId="22d3f33f-59d5-429c-a2fb-b0de73d30e35" testId="556eae25-bcdd-15c8-2a23-3d4ce5c508fe" testName="CSharpInteropClass_StaticMethod_HasJSTypePromiseNumber_ForNumericTaskParameterType(&quot;float&quot;,&quot;float&quot;)" computerName="DESKTOP-R6AM851" duration="00:00:00.0365950" startTime="2025-12-09T20:26:42.5016952+01:00" endTime="2025-12-09T20:26:42.5382896+01:00" testType="13cdc9d9-ddb5-4fa4-a97d-d965ccfc6d4b" outcome="Passed" testListId="8c84fa94-04c1-424b-9868-57a2d4851a1d" relativeResultsDirectory="22d3f33f-59d5-429c-a2fb-b0de73d30e35" />
    <UnitTestResult executionId="c38324ed-4316-4f64-8e39-46f0995d865a" testId="cec72f42-cfe4-6e60-9362-f8e2a173ecd9" testName="TypeScriptInteropInterfaceRenderer_InstanceMethod_WithPrimitiveParameterType_RendersJSType(&quot;int&quot;,&quot;number&quot;)" computerName="DESKTOP-R6AM851" duration="00:00:00.0433310" startTime="2025-12-09T20:26:45.3263200+01:00" endTime="2025-12-09T20:26:45.3696506+01:00" testType="13cdc9d9-ddb5-4fa4-a97d-d965ccfc6d4b" outcome="Passed" testListId="8c84fa94-04c1-424b-9868-57a2d4851a1d" relativeResultsDirectory="c38324ed-4316-4f64-8e39-46f0995d865a" />
    <UnitTestResult executionId="fa004940-84ba-4ceb-9a6f-2eb4a6ec41d2" testId="3c867391-33d3-3a3e-272b-383c8d67b79d" testName="CSharpInteropClass_StaticMethod_HasJSTypePromiseNumber_ForNumericTaskParameterType(&quot;Int16&quot;,&quot;short&quot;)" computerName="DESKTOP-R6AM851" duration="00:00:00.0417740" startTime="2025-12-09T20:26:42.2251721+01:00" endTime="2025-12-09T20:26:42.2669459+01:00" testType="13cdc9d9-ddb5-4fa4-a97d-d965ccfc6d4b" outcome="Passed" testListId="8c84fa94-04c1-424b-9868-57a2d4851a1d" relativeResultsDirectory="fa004940-84ba-4ceb-9a6f-2eb4a6ec41d2" />
    <UnitTestResult executionId="07669076-9556-42d2-b02c-4c9548e0b496" testId="baa3bfad-c034-4d1f-2158-581e3f61326d" testName="CSharpInteropClass_StaticMethod_RenderedWithJSTypeNumber_ForSupportedNumericParameterType(&quot;Single&quot;,&quot;float&quot;)" computerName="DESKTOP-R6AM851" duration="00:00:00.0397380" startTime="2025-12-09T20:26:40.4119898+01:00" endTime="2025-12-09T20:26:40.4517276+01:00" testType="13cdc9d9-ddb5-4fa4-a97d-d965ccfc6d4b" outcome="Passed" testListId="8c84fa94-04c1-424b-9868-57a2d4851a1d" relativeResultsDirectory="07669076-9556-42d2-b02c-4c9548e0b496" />
    <UnitTestResult executionId="7293a39d-4c9e-4277-9923-077ff523b90c" testId="2397265e-7904-ade6-ae2d-74f2b08afd31" testName="CSharpInteropClass_DynamicMethod_HasJSTypePromiseAny_ForUserClassTaskParameterType" computerName="DESKTOP-R6AM851" duration="00:00:00.0452180" startTime="2025-12-09T20:26:41.9446007+01:00" endTime="2025-12-09T20:26:41.9898185+01:00" testType="13cdc9d9-ddb5-4fa4-a97d-d965ccfc6d4b" outcome="Passed" testListId="8c84fa94-04c1-424b-9868-57a2d4851a1d" relativeResultsDirectory="7293a39d-4c9e-4277-9923-077ff523b90c" />
    <UnitTestResult executionId="8cc07f13-7e55-4e8f-a48c-add2abe306b5" testId="1fcec9e5-c587-fbbd-9d03-f36578865693" testName="CSharpInteropClass_DynamicMethod_HasJSTypeDate_ForDateTimeReturnType(&quot;DateTime&quot;)" computerName="DESKTOP-R6AM851" duration="00:00:00.0474820" startTime="2025-12-09T20:26:38.4040690+01:00" endTime="2025-12-09T20:26:38.4515507+01:00" testType="13cdc9d9-ddb5-4fa4-a97d-d965ccfc6d4b" outcome="Passed" testListId="8c84fa94-04c1-424b-9868-57a2d4851a1d" relativeResultsDirectory="8cc07f13-7e55-4e8f-a48c-add2abe306b5" />
    <UnitTestResult executionId="500efe0f-73a6-46a2-bf8f-cf12769c028c" testId="943d467d-4a80-5bd1-495d-69ce8a3be385" testName="CSharpInteropClass_StaticMethod_RenderedWithJSTypeNumber_ForSupportedNumericParameterType(&quot;nint&quot;,&quot;nint&quot;)" computerName="DESKTOP-R6AM851" duration="00:00:00.0392600" startTime="2025-12-09T20:26:40.6102889+01:00" endTime="2025-12-09T20:26:40.6495488+01:00" testType="13cdc9d9-ddb5-4fa4-a97d-d965ccfc6d4b" outcome="Passed" testListId="8c84fa94-04c1-424b-9868-57a2d4851a1d" relativeResultsDirectory="500efe0f-73a6-46a2-bf8f-cf12769c028c" />
    <UnitTestResult executionId="3edfca63-d4fe-4906-9bb0-cf31b2011f8e" testId="3d0cd3d2-5da3-77de-6cfd-ea2377baa4db" testName="TypeScriptUserClassInterface_InstanceProperty_GeneratesGetAndSetFunctions(&quot;bool&quot;,&quot;boolean&quot;)" computerName="DESKTOP-R6AM851" duration="00:00:00.0411970" startTime="2025-12-09T20:26:45.5225125+01:00" endTime="2025-12-09T20:26:45.5637094+01:00" testType="13cdc9d9-ddb5-4fa4-a97d-d965ccfc6d4b" outcome="Passed" testListId="8c84fa94-04c1-424b-9868-57a2d4851a1d" relativeResultsDirectory="3edfca63-d4fe-4906-9bb0-cf31b2011f8e" />
    <UnitTestResult executionId="533e9d57-df4d-419f-bfa8-cc3662ac226a" testId="7d18a04a-1c04-8464-3c39-a1037af3b759" testName="CSharpInteropClass_DynamicMethod_HasJSTypeString_ForStringReturnType" computerName="DESKTOP-R6AM851" duration="00:00:00.0377740" startTime="2025-12-09T20:26:41.8357965+01:00" endTime="2025-12-09T20:26:41.8735704+01:00" testType="13cdc9d9-ddb5-4fa4-a97d-d965ccfc6d4b" outcome="Passed" testListId="8c84fa94-04c1-424b-9868-57a2d4851a1d" relativeResultsDirectory="533e9d57-df4d-419f-bfa8-cc3662ac226a" />
    <UnitTestResult executionId="497c9e9e-9a2f-4c3e-9a83-e62e60cefea1" testId="25bf496c-f4d5-33af-7901-6c6f513f7873" testName="ClassInfoBuilder_Throws_ForUnsupportedTaskTypeArguments(&quot;double?&quot;)" computerName="DESKTOP-R6AM851" duration="00:00:00.0348730" startTime="2025-12-09T20:26:44.8800625+01:00" endTime="2025-12-09T20:26:44.9149350+01:00" testType="13cdc9d9-ddb5-4fa4-a97d-d965ccfc6d4b" outcome="Passed" testListId="8c84fa94-04c1-424b-9868-57a2d4851a1d" relativeResultsDirectory="497c9e9e-9a2f-4c3e-9a83-e62e60cefea1" />
    <UnitTestResult executionId="a8016d4e-3ef3-4b59-8df1-d493d81aacb3" testId="907a647c-4d5c-06df-e376-8df007bf44b4" testName="CSharpInteropClass_StaticMethod_RenderedWithJSTypeNumber_ForSupportedNumericParameterType(&quot;Double&quot;,&quot;double&quot;)" computerName="DESKTOP-R6AM851" duration="00:00:00.0397040" startTime="2025-12-09T20:26:40.4914851+01:00" endTime="2025-12-09T20:26:40.5311882+01:00" testType="13cdc9d9-ddb5-4fa4-a97d-d965ccfc6d4b" outcome="Passed" testListId="8c84fa94-04c1-424b-9868-57a2d4851a1d" relativeResultsDirectory="a8016d4e-3ef3-4b59-8df1-d493d81aacb3" />
    <UnitTestResult executionId="72387c83-200c-4987-8e6f-7fdb8005735b" testId="5ff089ab-e8c6-b0b8-eae7-3a36bf8a925d" testName="CSharpInteropClass_StaticMethod_HasJSTypePromiseNumber_ForNumericTaskParameterType(&quot;Single&quot;,&quot;float&quot;)" computerName="DESKTOP-R6AM851" duration="00:00:00.0363739" startTime="2025-12-09T20:26:42.4652951+01:00" endTime="2025-12-09T20:26:42.5016685+01:00" testType="13cdc9d9-ddb5-4fa4-a97d-d965ccfc6d4b" outcome="Passed" testListId="8c84fa94-04c1-424b-9868-57a2d4851a1d" relativeResultsDirectory="72387c83-200c-4987-8e6f-7fdb8005735b" />
    <UnitTestResult executionId="47a76140-92ef-4d99-aa8f-ac9a66a60b22" testId="4e47fb95-b3f3-5a39-393b-d8112c8bbafc" testName="CSharpInteropClass_DynamicMethod_RenderedWithJSTypeNumber_ForSupportedNumericParameterType(&quot;Int32&quot;,&quot;int&quot;)" computerName="DESKTOP-R6AM851" duration="00:00:00.0592010" startTime="2025-12-09T20:26:38.8331703+01:00" endTime="2025-12-09T20:26:38.8923708+01:00" testType="13cdc9d9-ddb5-4fa4-a97d-d965ccfc6d4b" outcome="Passed" testListId="8c84fa94-04c1-424b-9868-57a2d4851a1d" relativeResultsDirectory="47a76140-92ef-4d99-aa8f-ac9a66a60b22" />
    <UnitTestResult executionId="36be75f7-2d7c-4d9e-9761-73674c57fd72" testId="042f4863-25f3-4f2f-1a0b-01a430ec4e82" testName="TypeScriptUserClassProxy_InstanceMethod_WithUserClassReturnType_GeneratesArrayProxies" computerName="DESKTOP-R6AM851" duration="00:00:00.0440960" startTime="2025-12-09T20:26:46.1804997+01:00" endTime="2025-12-09T20:26:46.2245949+01:00" testType="13cdc9d9-ddb5-4fa4-a97d-d965ccfc6d4b" outcome="Passed" testListId="8c84fa94-04c1-424b-9868-57a2d4851a1d" relativeResultsDirectory="36be75f7-2d7c-4d9e-9761-73674c57fd72" />
    <UnitTestResult executionId="17d6a6ec-d144-4fdb-b035-c94c7509a62b" testId="a21c1220-7d3e-ae08-3b00-92bf4fbfdc6e" testName="CSharpInteropClass_InstanceProperty_WithNullableUserClassType" computerName="DESKTOP-R6AM851" duration="00:00:00.0833680" startTime="2025-12-09T20:26:37.1931507+01:00" endTime="2025-12-09T20:26:37.2765182+01:00" testType="13cdc9d9-ddb5-4fa4-a97d-d965ccfc6d4b" outcome="Passed" testListId="8c84fa94-04c1-424b-9868-57a2d4851a1d" relativeResultsDirectory="17d6a6ec-d144-4fdb-b035-c94c7509a62b" />
    <UnitTestResult executionId="d147a43c-0e8e-4b2e-b3c7-1b16289d690a" testId="d7430f57-a3a3-7cb3-c014-4d851d0b695f" testName="CSharpInteropClass_StaticMethod_HasJSTypePromiseNumber_ForNumericTaskParameterType(&quot;Double&quot;,&quot;double&quot;)" computerName="DESKTOP-R6AM851" duration="00:00:00.0357920" startTime="2025-12-09T20:26:42.5383161+01:00" endTime="2025-12-09T20:26:42.5741080+01:00" testType="13cdc9d9-ddb5-4fa4-a97d-d965ccfc6d4b" outcome="Passed" testListId="8c84fa94-04c1-424b-9868-57a2d4851a1d" relativeResultsDirectory="d147a43c-0e8e-4b2e-b3c7-1b16289d690a" />
    <UnitTestResult executionId="e5d203da-6615-4e80-8509-3b421881bd3b" testId="92765bf0-8bcb-769b-c7de-67d6f443cfe8" testName="ClassInfoBuilder_Throws_ForUnsupportedNumericReturnType(&quot;UInt32&quot;,&quot;uint&quot;)" computerName="DESKTOP-R6AM851" duration="00:00:00.0433350" startTime="2025-12-09T20:26:44.4282201+01:00" endTime="2025-12-09T20:26:44.4715540+01:00" testType="13cdc9d9-ddb5-4fa4-a97d-d965ccfc6d4b" outcome="Passed" testListId="8c84fa94-04c1-424b-9868-57a2d4851a1d" relativeResultsDirectory="e5d203da-6615-4e80-8509-3b421881bd3b" />
    <UnitTestResult executionId="143f5246-2e1b-4dd0-9fe8-767d6dc64bda" testId="e13bb573-ef73-8aac-d36f-8658c9da1501" testName="ClassInfoBuilder_Throws_ForUnsupportedNumericReturnType(&quot;SByte&quot;,&quot;sbyte&quot;)" computerName="DESKTOP-R6AM851" duration="00:00:00.0413540" startTime="2025-12-09T20:26:44.2617054+01:00" endTime="2025-12-09T20:26:44.3030587+01:00" testType="13cdc9d9-ddb5-4fa4-a97d-d965ccfc6d4b" outcome="Passed" testListId="8c84fa94-04c1-424b-9868-57a2d4851a1d" relativeResultsDirectory="143f5246-2e1b-4dd0-9fe8-767d6dc64bda" />
    <UnitTestResult executionId="c9f91690-7acb-4f8c-9a78-dfc4b5611683" testId="e8448a93-69ab-5a7c-da14-0ccfa2de3c17" testName="CSharpInteropClass_InstanceProperty_GeneratesGetAndSetFunctions(&quot;double&quot;,&quot;double&quot;,&quot;JSType.Number&quot;)" computerName="DESKTOP-R6AM851" duration="00:00:00.0622950" startTime="2025-12-09T20:26:37.0592604+01:00" endTime="2025-12-09T20:26:37.1215549+01:00" testType="13cdc9d9-ddb5-4fa4-a97d-d965ccfc6d4b" outcome="Passed" testListId="8c84fa94-04c1-424b-9868-57a2d4851a1d" relativeResultsDirectory="c9f91690-7acb-4f8c-9a78-dfc4b5611683" />
    <UnitTestResult executionId="f9457152-7134-40f1-bf33-abab45777b8b" testId="14b8075b-0e97-075a-7b12-d83be383b008" testName="CSharpInteropClass_DynamicMethod_RenderedWithJSTypeNumber_ForSupportedNumericParameterType(&quot;nint&quot;,&quot;nint&quot;)" computerName="DESKTOP-R6AM851" duration="00:00:00.0452770" startTime="2025-12-09T20:26:39.3453895+01:00" endTime="2025-12-09T20:26:39.3906654+01:00" testType="13cdc9d9-ddb5-4fa4-a97d-d965ccfc6d4b" outcome="Passed" testListId="8c84fa94-04c1-424b-9868-57a2d4851a1d" relativeResultsDirectory="f9457152-7134-40f1-bf33-abab45777b8b" />
    <UnitTestResult executionId="9d8d192d-715b-4418-baf9-954cd5518cb1" testId="18500f50-e90e-8027-057b-cc6ffbbd6ee2" testName="ClassInfoBuilder_Throws_ForUnsupportedArrayTypeArguments(&quot;Char&quot;)" computerName="DESKTOP-R6AM851" duration="00:00:00.0355590" startTime="2025-12-09T20:26:43.6325562+01:00" endTime="2025-12-09T20:26:43.6681145+01:00" testType="13cdc9d9-ddb5-4fa4-a97d-d965ccfc6d4b" outcome="Passed" testListId="8c84fa94-04c1-424b-9868-57a2d4851a1d" relativeResultsDirectory="9d8d192d-715b-4418-baf9-954cd5518cb1" />
    <UnitTestResult executionId="7a9bcedf-2181-44dd-9ec7-6ccd8e9c8be5" testId="d09de9f4-f920-c06e-cae6-ff62196caf6b" testName="CSharpInteropClass_StaticMethod_RenderedWithJSTypeNumber_ForSupportedNullableNumericParameterType(&quot;long?&quot;,&quot;long?&quot;)" computerName="DESKTOP-R6AM851" duration="00:00:00.0461470" startTime="2025-12-09T20:26:39.6654970+01:00" endTime="2025-12-09T20:26:39.7116437+01:00" testType="13cdc9d9-ddb5-4fa4-a97d-d965ccfc6d4b" outcome="Passed" testListId="8c84fa94-04c1-424b-9868-57a2d4851a1d" relativeResultsDirectory="7a9bcedf-2181-44dd-9ec7-6ccd8e9c8be5" />
    <UnitTestResult executionId="a0d048d5-a766-4bfb-980e-bc3ec2ed48e2" testId="114d3034-282a-7f74-e0ff-b2eb4030a0d1" testName="ClassInfoBuilder_Throws_ForUnsupportedTaskTypeArguments(&quot;byte?&quot;)" computerName="DESKTOP-R6AM851" duration="00:00:00.0375720" startTime="2025-12-09T20:26:44.8424689+01:00" endTime="2025-12-09T20:26:44.8800401+01:00" testType="13cdc9d9-ddb5-4fa4-a97d-d965ccfc6d4b" outcome="Passed" testListId="8c84fa94-04c1-424b-9868-57a2d4851a1d" relativeResultsDirectory="a0d048d5-a766-4bfb-980e-bc3ec2ed48e2" />
    <UnitTestResult executionId="5c6b5b56-b457-47b5-af44-2f26d5a9a961" testId="3e1bcc3b-3131-a59e-7666-c671cca3ccb7" testName="CSharpInteropClass_StaticMethod_HasJSTypePromiseAny_ForNonUserClassReturnType(&quot;Uri&quot;,&quot;new Uri(\&quot;http://example.com\&quot;)&quot;)" computerName="DESKTOP-R6AM851" duration="00:00:00.0394570" startTime="2025-12-09T20:26:42.7642463+01:00" endTime="2025-12-09T20:26:42.8037028+01:00" testType="13cdc9d9-ddb5-4fa4-a97d-d965ccfc6d4b" outcome="Passed" testListId="8c84fa94-04c1-424b-9868-57a2d4851a1d" relativeResultsDirectory="5c6b5b56-b457-47b5-af44-2f26d5a9a961" />
    <UnitTestResult executionId="efa32b92-9b83-4810-b6fe-f99df55a87b6" testId="ad26b433-920a-71a8-1ab2-1ab094d6b9a2" testName="TypeScriptUserClassProxy_InstanceMethod_WithUserClassParameterType_ExtractsInstanceProperty" computerName="DESKTOP-R6AM851" duration="00:00:00.0618250" startTime="2025-12-09T20:26:46.1186508+01:00" endTime="2025-12-09T20:26:46.1804749+01:00" testType="13cdc9d9-ddb5-4fa4-a97d-d965ccfc6d4b" outcome="Passed" testListId="8c84fa94-04c1-424b-9868-57a2d4851a1d" relativeResultsDirectory="efa32b92-9b83-4810-b6fe-f99df55a87b6" />
    <UnitTestResult executionId="248cbe29-eaf0-410c-9ace-4e1cb1636a65" testId="43094a76-82e9-7a0d-c8ec-2a3fc21524c5" testName="CSharpInteropClass_StaticMethod_HasJSTypePromiseArrayNumber_ForNumericArrayReturnType(&quot;int&quot;,&quot;int&quot;)" computerName="DESKTOP-R6AM851" duration="00:00:00.0877440" startTime="2025-12-09T20:26:37.9226979+01:00" endTime="2025-12-09T20:26:38.0104409+01:00" testType="13cdc9d9-ddb5-4fa4-a97d-d965ccfc6d4b" outcome="Passed" testListId="8c84fa94-04c1-424b-9868-57a2d4851a1d" relativeResultsDirectory="248cbe29-eaf0-410c-9ace-4e1cb1636a65" />
    <UnitTestResult executionId="f44c267a-3e65-4bd3-86d8-257de584ca64" testId="6a5554b0-104d-dbb5-acdc-0068d1a4119b" testName="CSharpInteropClass_StaticMethod_RenderedWithJSTypeNumber_ForSupportedNullableNumericParameterType(&quot;IntPtr?&quot;,&quot;nint?&quot;)" computerName="DESKTOP-R6AM851" duration="00:00:00.0476520" startTime="2025-12-09T20:26:39.9044130+01:00" endTime="2025-12-09T20:26:39.9520642+01:00" testType="13cdc9d9-ddb5-4fa4-a97d-d965ccfc6d4b" outcome="Passed" testListId="8c84fa94-04c1-424b-9868-57a2d4851a1d" relativeResultsDirectory="f44c267a-3e65-4bd3-86d8-257de584ca64" />
    <UnitTestResult executionId="ab91f817-f2be-4221-ab78-c82cc04f3214" testId="0e51ea18-91bb-954b-5fa8-e3598990227e" testName="ClassInfoBuilder_Throws_ForUnsupportedArrayTypeArguments(&quot;int?&quot;)" computerName="DESKTOP-R6AM851" duration="00:00:00.0409030" startTime="2025-12-09T20:26:44.2207356+01:00" endTime="2025-12-09T20:26:44.2616379+01:00" testType="13cdc9d9-ddb5-4fa4-a97d-d965ccfc6d4b" outcome="Passed" testListId="8c84fa94-04c1-424b-9868-57a2d4851a1d" relativeResultsDirectory="ab91f817-f2be-4221-ab78-c82cc04f3214" />
    <UnitTestResult executionId="a35623ae-e226-44ec-b1df-2b5f562edc17" testId="48a5650c-74f3-0f5a-0718-6fc8dd01fb41" testName="CSharpInteropClass_StaticMethod_RenderedWithJSTypeNumber_ForSupportedNullableNumericParameterType(&quot;byte?&quot;,&quot;byte?&quot;)" computerName="DESKTOP-R6AM851" duration="00:00:00.0393320" startTime="2025-12-09T20:26:39.4324377+01:00" endTime="2025-12-09T20:26:39.4717696+01:00" testType="13cdc9d9-ddb5-4fa4-a97d-d965ccfc6d4b" outcome="Passed" testListId="8c84fa94-04c1-424b-9868-57a2d4851a1d" relativeResultsDirectory="a35623ae-e226-44ec-b1df-2b5f562edc17" />
    <UnitTestResult executionId="e48c19ff-3181-47ca-98db-522e1d555348" testId="ea83ec5a-e7e2-e92c-fa08-14bf56e91a55" testName="CSharpInteropClass_StaticMethod_HasJSTypeNumber_ForNullableNumericReturnType(&quot;Double?&quot;,&quot;double?&quot;)" computerName="DESKTOP-R6AM851" duration="00:00:00.0471180" startTime="2025-12-09T20:26:41.0660511+01:00" endTime="2025-12-09T20:26:41.1131684+01:00" testType="13cdc9d9-ddb5-4fa4-a97d-d965ccfc6d4b" outcome="Passed" testListId="8c84fa94-04c1-424b-9868-57a2d4851a1d" relativeResultsDirectory="e48c19ff-3181-47ca-98db-522e1d555348" />
    <UnitTestResult executionId="a9687344-22da-42e9-ac44-59d6c3040683" testId="19daf20c-f33e-96b7-baff-64c5a393a44d" testName="TypeScriptUserClassProxy_InstanceMethod_WithNullableUserClassParameterType_ExtractsInstanceProperty" computerName="DESKTOP-R6AM851" duration="00:00:00.0358420" startTime="2025-12-09T20:26:46.0099451+01:00" endTime="2025-12-09T20:26:46.0457861+01:00" testType="13cdc9d9-ddb5-4fa4-a97d-d965ccfc6d4b" outcome="Passed" testListId="8c84fa94-04c1-424b-9868-57a2d4851a1d" relativeResultsDirectory="a9687344-22da-42e9-ac44-59d6c3040683" />
    <UnitTestResult executionId="a60932a8-8616-47d8-b852-903f0bf100c7" testId="9e4c44d0-3cd8-244b-7b6d-e5c9ea9ae213" testName="ClassInfoBuilder_Throws_ForUnsupportedTaskTypeArguments(&quot;Task&lt;Span&lt;Byte&gt;&quot;)" computerName="DESKTOP-R6AM851" duration="00:00:00.0365250" startTime="2025-12-09T20:26:45.0918332+01:00" endTime="2025-12-09T20:26:45.1283571+01:00" testType="13cdc9d9-ddb5-4fa4-a97d-d965ccfc6d4b" outcome="Passed" testListId="8c84fa94-04c1-424b-9868-57a2d4851a1d" relativeResultsDirectory="a60932a8-8616-47d8-b852-903f0bf100c7" />
    <UnitTestResult executionId="9bb5f0d2-33c2-489a-a0fe-ac1cf21c940f" testId="cc19c1df-494e-607b-97d5-ac91f5aee468" testName="ClassInfoBuilder_Throws_ForUnsupportedArrayTypeArguments(&quot;Exception&quot;)" computerName="DESKTOP-R6AM851" duration="00:00:00.0461220" startTime="2025-12-09T20:26:43.9384655+01:00" endTime="2025-12-09T20:26:43.9845873+01:00" testType="13cdc9d9-ddb5-4fa4-a97d-d965ccfc6d4b" outcome="Passed" testListId="8c84fa94-04c1-424b-9868-57a2d4851a1d" relativeResultsDirectory="9bb5f0d2-33c2-489a-a0fe-ac1cf21c940f" />
    <UnitTestResult executionId="1b610b7a-3594-4be6-9dc6-2f6bc9961673" testId="9a99a6a2-3eac-4a27-7143-515fa2318c88" testName="CSharpInteropClass_StaticMethod_HasJSTypeNumber_ForNullableNumericReturnType(&quot;Single?&quot;,&quot;float?&quot;)" computerName="DESKTOP-R6AM851" duration="00:00:00.0397180" startTime="2025-12-09T20:26:40.9869550+01:00" endTime="2025-12-09T20:26:41.0266727+01:00" testType="13cdc9d9-ddb5-4fa4-a97d-d965ccfc6d4b" outcome="Passed" testListId="8c84fa94-04c1-424b-9868-57a2d4851a1d" relativeResultsDirectory="1b610b7a-3594-4be6-9dc6-2f6bc9961673" />
    <UnitTestResult executionId="773aab75-2f06-420d-84fb-4bc7d262c155" testId="b2b5d0af-4c77-d8a3-3970-8e1cba20d73d" testName="CSharpInteropClass_StaticMethod_RenderedWithJSTypeNumber_ForSupportedNullableNumericParameterType(&quot;int?&quot;,&quot;int?&quot;)" computerName="DESKTOP-R6AM851" duration="00:00:00.0389570" startTime="2025-12-09T20:26:39.5877995+01:00" endTime="2025-12-09T20:26:39.6267562+01:00" testType="13cdc9d9-ddb5-4fa4-a97d-d965ccfc6d4b" outcome="Passed" testListId="8c84fa94-04c1-424b-9868-57a2d4851a1d" relativeResultsDirectory="773aab75-2f06-420d-84fb-4bc7d262c155" />
    <UnitTestResult executionId="c155c7c5-e8c2-4a9d-8c2a-0b78e4f84918" testId="86392dc4-0eeb-e0be-7499-a3326b637c0e" testName="CSharpInteropClass_StaticMethod_HasJSTypeNumber_ForNumericReturnType(&quot;Byte&quot;,&quot;byte&quot;)" computerName="DESKTOP-R6AM851" duration="00:00:00.0365830" startTime="2025-12-09T20:26:41.2390711+01:00" endTime="2025-12-09T20:26:41.2756534+01:00" testType="13cdc9d9-ddb5-4fa4-a97d-d965ccfc6d4b" outcome="Passed" testListId="8c84fa94-04c1-424b-9868-57a2d4851a1d" relativeResultsDirectory="c155c7c5-e8c2-4a9d-8c2a-0b78e4f84918" />
    <UnitTestResult executionId="611eb606-4865-45c4-b9ac-084944746b18" testId="ff4c43f6-2531-1a35-97ba-aabd97f5467f" testName="ClassInfoBuilder_Throws_ForUnsupportedArrayTypeArguments(&quot;Task&quot;)" computerName="DESKTOP-R6AM851" duration="00:00:00.0456320" startTime="2025-12-09T20:26:43.9846103+01:00" endTime="2025-12-09T20:26:44.0302415+01:00" testType="13cdc9d9-ddb5-4fa4-a97d-d965ccfc6d4b" outcome="Passed" testListId="8c84fa94-04c1-424b-9868-57a2d4851a1d" relativeResultsDirectory="611eb606-4865-45c4-b9ac-084944746b18" />
    <UnitTestResult executionId="d0c32fe0-1227-4e91-bc00-0865a0cfa362" testId="c2c0411e-2f78-d1d9-003d-62b2a9a6534e" testName="CSharpInteropClass_StaticMethod_HasJSTypeNumber_ForNullableNumericReturnType(&quot;Int64?&quot;,&quot;long?&quot;)" computerName="DESKTOP-R6AM851" duration="00:00:00.0471930" startTime="2025-12-09T20:26:40.8921671+01:00" endTime="2025-12-09T20:26:40.9393598+01:00" testType="13cdc9d9-ddb5-4fa4-a97d-d965ccfc6d4b" outcome="Passed" testListId="8c84fa94-04c1-424b-9868-57a2d4851a1d" relativeResultsDirectory="d0c32fe0-1227-4e91-bc00-0865a0cfa362" />
    <UnitTestResult executionId="f164cea0-22a4-4d48-9c22-06028c5f0b0c" testId="bb29e2b9-8a95-1ed0-6b42-2e7fdb837663" testName="CSharpInteropClass_StaticMethod_RenderedWithJSTypeNumber_ForSupportedNumericParameterType(&quot;IntPtr&quot;,&quot;nint&quot;)" computerName="DESKTOP-R6AM851" duration="00:00:00.0402550" startTime="2025-12-09T20:26:40.5700097+01:00" endTime="2025-12-09T20:26:40.6102640+01:00" testType="13cdc9d9-ddb5-4fa4-a97d-d965ccfc6d4b" outcome="Passed" testListId="8c84fa94-04c1-424b-9868-57a2d4851a1d" relativeResultsDirectory="f164cea0-22a4-4d48-9c22-06028c5f0b0c" />
    <UnitTestResult executionId="809b5fde-f89a-4a45-ac9b-ee2be6026732" testId="8f45e682-823e-fac8-36da-fb299a51540b" testName="CSharpInteropClass_StaticMethod_HasJSTypeNumber_ForNumericReturnType(&quot;long&quot;,&quot;long&quot;)" computerName="DESKTOP-R6AM851" duration="00:00:00.0376680" startTime="2025-12-09T20:26:41.4953775+01:00" endTime="2025-12-09T20:26:41.5330450+01:00" testType="13cdc9d9-ddb5-4fa4-a97d-d965ccfc6d4b" outcome="Passed" testListId="8c84fa94-04c1-424b-9868-57a2d4851a1d" relativeResultsDirectory="809b5fde-f89a-4a45-ac9b-ee2be6026732" />
    <UnitTestResult executionId="b7a977b9-7dd6-4732-b655-bf2ad74fad66" testId="22b81dc5-342c-1458-2eb8-6402340b77cb" testName="CSharpInteropClass_StaticMethod_RenderedWithJSTypeNumber_ForSupportedNullableNumericParameterType(&quot;Int16?&quot;,&quot;short?&quot;)" computerName="DESKTOP-R6AM851" duration="00:00:00.0386000" startTime="2025-12-09T20:26:39.4717960+01:00" endTime="2025-12-09T20:26:39.5103957+01:00" testType="13cdc9d9-ddb5-4fa4-a97d-d965ccfc6d4b" outcome="Passed" testListId="8c84fa94-04c1-424b-9868-57a2d4851a1d" relativeResultsDirectory="b7a977b9-7dd6-4732-b655-bf2ad74fad66" />
    <UnitTestResult executionId="ffe6711e-3547-40c3-bd05-2c4bc5842cce" testId="1c0c4f0a-b21e-d196-5082-2dbc2d714430" testName="CSharpInteropClass_DynamicMethod_RenderedWithJSTypeNumber_ForSupportedNumericParameterType(&quot;IntPtr&quot;,&quot;nint&quot;)" computerName="DESKTOP-R6AM851" duration="00:00:00.0560320" startTime="2025-12-09T20:26:39.2893311+01:00" endTime="2025-12-09T20:26:39.3453622+01:00" testType="13cdc9d9-ddb5-4fa4-a97d-d965ccfc6d4b" outcome="Passed" testListId="8c84fa94-04c1-424b-9868-57a2d4851a1d" relativeResultsDirectory="ffe6711e-3547-40c3-bd05-2c4bc5842cce" />
    <UnitTestResult executionId="ab445f47-bd42-47e4-bedf-1364356ea545" testId="39f4f24f-028a-99d3-9f2e-c8630e720fcd" testName="CSharpInteropClass_DynamicMethod_RenderedWithJSTypeNumber_ForSupportedNumericParameterType(&quot;int&quot;,&quot;int&quot;)" computerName="DESKTOP-R6AM851" duration="00:00:00.0556550" startTime="2025-12-09T20:26:38.8924126+01:00" endTime="2025-12-09T20:26:38.9480669+01:00" testType="13cdc9d9-ddb5-4fa4-a97d-d965ccfc6d4b" outcome="Passed" testListId="8c84fa94-04c1-424b-9868-57a2d4851a1d" relativeResultsDirectory="ab445f47-bd42-47e4-bedf-1364356ea545" />
    <UnitTestResult executionId="6ecf3598-e932-4c2e-a166-c5309f9fa87c" testId="49e44ba9-819e-6687-e599-e8e9f3b03544" testName="CSharpInteropClass_StaticMethod_HasJSTypePromiseNumber_ForNumericReturnType(&quot;nint&quot;,&quot;nint&quot;)" computerName="DESKTOP-R6AM851" duration="00:00:00.0385050" startTime="2025-12-09T20:26:43.4038658+01:00" endTime="2025-12-09T20:26:43.4423706+01:00" testType="13cdc9d9-ddb5-4fa4-a97d-d965ccfc6d4b" outcome="Passed" testListId="8c84fa94-04c1-424b-9868-57a2d4851a1d" relativeResultsDirectory="6ecf3598-e932-4c2e-a166-c5309f9fa87c" />
    <UnitTestResult executionId="12d744cf-ba6d-4fff-a4c9-ddc9222f3a45" testId="4c1ca3c3-fd9e-aaf0-408d-2eb76c646cae" testName="ClassSyntax_WithTsExportAttribute_Do_GetProcessed_Multiple" computerName="DESKTOP-R6AM851" duration="00:00:00.0351980" startTime="2025-12-09T20:26:45.1634044+01:00" endTime="2025-12-09T20:26:45.1986023+01:00" testType="13cdc9d9-ddb5-4fa4-a97d-d965ccfc6d4b" outcome="Passed" testListId="8c84fa94-04c1-424b-9868-57a2d4851a1d" relativeResultsDirectory="12d744cf-ba6d-4fff-a4c9-ddc9222f3a45" />
    <UnitTestResult executionId="975fb092-09cf-4dcc-b8e2-791cd1f95bd5" testId="0c681c98-b31b-af26-6c37-23fd078d2823" testName="CSharpInteropClass_StaticMethod_HasJSTypeNumber_ForNullableNumericReturnType(&quot;byte?&quot;,&quot;byte?&quot;)" computerName="DESKTOP-R6AM851" duration="00:00:00.0373510" startTime="2025-12-09T20:26:40.6878483+01:00" endTime="2025-12-09T20:26:40.7251985+01:00" testType="13cdc9d9-ddb5-4fa4-a97d-d965ccfc6d4b" outcome="Passed" testListId="8c84fa94-04c1-424b-9868-57a2d4851a1d" relativeResultsDirectory="975fb092-09cf-4dcc-b8e2-791cd1f95bd5" />
    <UnitTestResult executionId="9dbe8b8c-3e7c-4a17-8fe2-7f640c36072b" testId="53b21c98-5c2a-938a-10bd-18988a41362f" testName="CSharpInteropClass_StaticMethod_HasJSTypePromiseNumber_ForNumericTaskParameterType(&quot;short&quot;,&quot;short&quot;)" computerName="DESKTOP-R6AM851" duration="00:00:00.0432110" startTime="2025-12-09T20:26:42.2669756+01:00" endTime="2025-12-09T20:26:42.3101863+01:00" testType="13cdc9d9-ddb5-4fa4-a97d-d965ccfc6d4b" outcome="Passed" testListId="8c84fa94-04c1-424b-9868-57a2d4851a1d" relativeResultsDirectory="9dbe8b8c-3e7c-4a17-8fe2-7f640c36072b" />
    <UnitTestResult executionId="d0d68b44-487f-4bbc-9d69-97c2bf9ead39" testId="7d9e45aa-1bbd-851f-18fb-b0029710c175" testName="ClassInfoBuilder_Throws_ForUnsupportedArrayTypeArguments(&quot;Function&lt;int, int&gt;&quot;)" computerName="DESKTOP-R6AM851" duration="00:00:00.0444080" startTime="2025-12-09T20:26:44.1763054+01:00" endTime="2025-12-09T20:26:44.2207128+01:00" testType="13cdc9d9-ddb5-4fa4-a97d-d965ccfc6d4b" outcome="Passed" testListId="8c84fa94-04c1-424b-9868-57a2d4851a1d" relativeResultsDirectory="d0d68b44-487f-4bbc-9d69-97c2bf9ead39" />
    <UnitTestResult executionId="37fc42d0-a5d8-453a-947d-a22b57a7c6eb" testId="02d23cfe-06e7-7c59-12c5-7b3a379aa8b2" testName="ClassInfoBuilder_Throws_ForUnsupportedNumericReturnType(&quot;sbyte&quot;,&quot;sbyte&quot;)" computerName="DESKTOP-R6AM851" duration="00:00:00.0412020" startTime="2025-12-09T20:26:44.3030857+01:00" endTime="2025-12-09T20:26:44.3442869+01:00" testType="13cdc9d9-ddb5-4fa4-a97d-d965ccfc6d4b" outcome="Passed" testListId="8c84fa94-04c1-424b-9868-57a2d4851a1d" relativeResultsDirectory="37fc42d0-a5d8-453a-947d-a22b57a7c6eb" />
    <UnitTestResult executionId="2c225ca0-9a30-4ca6-885b-ab0732d236d4" testId="bbec8bca-b249-614d-95ed-498ddf335c0b" testName="ClassInfoBuilder_Throws_ForUnsupportedArrayTypeArguments(&quot;Int64&quot;)" computerName="DESKTOP-R6AM851" duration="00:00:00.0355270" startTime="2025-12-09T20:26:43.7042110+01:00" endTime="2025-12-09T20:26:43.7397371+01:00" testType="13cdc9d9-ddb5-4fa4-a97d-d965ccfc6d4b" outcome="Passed" testListId="8c84fa94-04c1-424b-9868-57a2d4851a1d" relativeResultsDirectory="2c225ca0-9a30-4ca6-885b-ab0732d236d4" />
    <UnitTestResult executionId="d5123bff-e485-48e3-bcd6-d449450b1584" testId="9b7cd21d-b37d-01aa-ead7-bb37dcdaf866" testName="TypeScriptUserModuleClass_StaticProperty_GeneratesGetAndSetFunctions(&quot;bool&quot;,&quot;boolean&quot;)" computerName="DESKTOP-R6AM851" duration="00:00:00.0353070" startTime="2025-12-09T20:26:45.8688422+01:00" endTime="2025-12-09T20:26:45.9041486+01:00" testType="13cdc9d9-ddb5-4fa4-a97d-d965ccfc6d4b" outcome="Passed" testListId="8c84fa94-04c1-424b-9868-57a2d4851a1d" relativeResultsDirectory="d5123bff-e485-48e3-bcd6-d449450b1584" />
    <UnitTestResult executionId="9734b90e-e337-4b4a-939e-73f9bc0b20cf" testId="5426a19d-cec2-09b8-d492-1d83f5d6e888" testName="CSharpInteropClass_StaticMethod_HasJSTypePromiseNumber_ForNumericTaskParameterType(&quot;int&quot;,&quot;int&quot;)" computerName="DESKTOP-R6AM851" duration="00:00:00.0385389" startTime="2025-12-09T20:26:42.3525712+01:00" endTime="2025-12-09T20:26:42.3911092+01:00" testType="13cdc9d9-ddb5-4fa4-a97d-d965ccfc6d4b" outcome="Passed" testListId="8c84fa94-04c1-424b-9868-57a2d4851a1d" relativeResultsDirectory="9734b90e-e337-4b4a-939e-73f9bc0b20cf" />
    <UnitTestResult executionId="f663151e-de99-4715-b8d9-f8f3b7509866" testId="e419b57f-f09a-488a-3ca3-141df8eb2138" testName="CSharpInteropClass_StaticMethod_HasJSTypePromiseNumber_ForNumericTaskParameterType(&quot;Int64&quot;,&quot;long&quot;)" computerName="DESKTOP-R6AM851" duration="00:00:00.0371870" startTime="2025-12-09T20:26:42.3911337+01:00" endTime="2025-12-09T20:26:42.4283205+01:00" testType="13cdc9d9-ddb5-4fa4-a97d-d965ccfc6d4b" outcome="Passed" testListId="8c84fa94-04c1-424b-9868-57a2d4851a1d" relativeResultsDirectory="f663151e-de99-4715-b8d9-f8f3b7509866" />
    <UnitTestResult executionId="f0f3d38e-6478-47ec-96f3-95f6b856d774" testId="b40d1b17-fd69-3e2c-5e8f-fa58d863a40d" testName="CSharpInteropClass_StaticMethod_HasJSTypeNumber_ForNumericReturnType(&quot;Int64&quot;,&quot;long&quot;)" computerName="DESKTOP-R6AM851" duration="00:00:00.0367750" startTime="2025-12-09T20:26:41.4585776+01:00" endTime="2025-12-09T20:26:41.4953518+01:00" testType="13cdc9d9-ddb5-4fa4-a97d-d965ccfc6d4b" outcome="Passed" testListId="8c84fa94-04c1-424b-9868-57a2d4851a1d" relativeResultsDirectory="f0f3d38e-6478-47ec-96f3-95f6b856d774" />
    <UnitTestResult executionId="42da3581-b227-49ba-92b0-4402c688e2a1" testId="a42b3d85-e5b5-ae25-379b-4e9f01b946ad" testName="CSharpInteropClass_StaticMethod_HasJSTypeString_ForStringReturnType" computerName="DESKTOP-R6AM851" duration="00:00:00.0705410" startTime="2025-12-09T20:26:41.8735948+01:00" endTime="2025-12-09T20:26:41.9441354+01:00" testType="13cdc9d9-ddb5-4fa4-a97d-d965ccfc6d4b" outcome="Passed" testListId="8c84fa94-04c1-424b-9868-57a2d4851a1d" relativeResultsDirectory="42da3581-b227-49ba-92b0-4402c688e2a1" />
    <UnitTestResult executionId="8ecb6e3d-18a8-4c53-ae4a-17dec5f45e88" testId="d17d485f-17e2-43cf-4a88-88cb4e8b7e8e" testName="CSharpInteropClass_DynamicMethod_RenderedWithJSTypeNumber_ForSupportedNumericParameterType(&quot;Int64&quot;,&quot;long&quot;)" computerName="DESKTOP-R6AM851" duration="00:00:00.0546100" startTime="2025-12-09T20:26:38.9480974+01:00" endTime="2025-12-09T20:26:39.0027075+01:00" testType="13cdc9d9-ddb5-4fa4-a97d-d965ccfc6d4b" outcome="Passed" testListId="8c84fa94-04c1-424b-9868-57a2d4851a1d" relativeResultsDirectory="8ecb6e3d-18a8-4c53-ae4a-17dec5f45e88" />
    <UnitTestResult executionId="de50d9e7-4e06-426a-9d66-fa743c6cf6d4" testId="e9c9bcfd-03ec-4e3c-3369-d9a0f1e4f6de" testName="CSharpInteropClass_StaticMethod_HasJSTypePromiseAny_ForNonUserClassReturnType(&quot;Version&quot;,&quot;new Version(1,2,3,4)&quot;)" computerName="DESKTOP-R6AM851" duration="00:00:00.0451760" startTime="2025-12-09T20:26:42.7190443+01:00" endTime="2025-12-09T20:26:42.7642196+01:00" testType="13cdc9d9-ddb5-4fa4-a97d-d965ccfc6d4b" outcome="Passed" testListId="8c84fa94-04c1-424b-9868-57a2d4851a1d" relativeResultsDirectory="de50d9e7-4e06-426a-9d66-fa743c6cf6d4" />
    <UnitTestResult executionId="c7926e1f-853f-4f87-b11a-5906b162f46a" testId="c28e5e9d-524b-e871-0d8b-bb1fedb2b8e7" testName="CSharpInteropClass_StaticMethod_RenderedWithJSTypeNumber_ForSupportedNullableNumericParameterType(&quot;Byte?&quot;,&quot;byte?&quot;)" computerName="DESKTOP-R6AM851" duration="00:00:00.0416720" startTime="2025-12-09T20:26:39.3907412+01:00" endTime="2025-12-09T20:26:39.4324127+01:00" testType="13cdc9d9-ddb5-4fa4-a97d-d965ccfc6d4b" outcome="Passed" testListId="8c84fa94-04c1-424b-9868-57a2d4851a1d" relativeResultsDirectory="c7926e1f-853f-4f87-b11a-5906b162f46a" />
    <UnitTestResult executionId="f52aacc1-0d4a-4901-953a-ff1d4842f95b" testId="1125d819-e67b-d927-972f-011701c1af06" testName="CSharpInteropClass_StaticMethod_HasJSTypeNumber_ForNumericReturnType(&quot;float&quot;,&quot;float&quot;)" computerName="DESKTOP-R6AM851" duration="00:00:00.0368930" startTime="2025-12-09T20:26:41.5701307+01:00" endTime="2025-12-09T20:26:41.6070233+01:00" testType="13cdc9d9-ddb5-4fa4-a97d-d965ccfc6d4b" outcome="Passed" testListId="8c84fa94-04c1-424b-9868-57a2d4851a1d" relativeResultsDirectory="f52aacc1-0d4a-4901-953a-ff1d4842f95b" />
    <UnitTestResult executionId="cce95b77-0048-47d5-b896-fe9dfbcabb45" testId="7182c536-4f66-ec3a-2764-8d539545e7ef" testName="CSharpInteropClass_StaticMethod_HasJSTypeDateTime_ForDateTimeReturnType(&quot;DateTime&quot;)" computerName="DESKTOP-R6AM851" duration="00:00:00.0530100" startTime="2025-12-09T20:26:38.4996906+01:00" endTime="2025-12-09T20:26:38.5526993+01:00" testType="13cdc9d9-ddb5-4fa4-a97d-d965ccfc6d4b" outcome="Passed" testListId="8c84fa94-04c1-424b-9868-57a2d4851a1d" relativeResultsDirectory="cce95b77-0048-47d5-b896-fe9dfbcabb45" />
    <UnitTestResult executionId="b81b473b-adf7-4344-8449-e81fc3f6efd1" testId="ae250cd6-94c6-d33b-8acd-4b6140d90204" testName="CSharpInteropClass_StaticMethod_HasJSTypeNumber_ForNullableNumericReturnType(&quot;Int16?&quot;,&quot;short?&quot;)" computerName="DESKTOP-R6AM851" duration="00:00:00.0365650" startTime="2025-12-09T20:26:40.7252234+01:00" endTime="2025-12-09T20:26:40.7617881+01:00" testType="13cdc9d9-ddb5-4fa4-a97d-d965ccfc6d4b" outcome="Passed" testListId="8c84fa94-04c1-424b-9868-57a2d4851a1d" relativeResultsDirectory="b81b473b-adf7-4344-8449-e81fc3f6efd1" />
    <UnitTestResult executionId="81ae04a1-5910-488f-a9de-f9befa4dae52" testId="c3354fab-9bd4-a840-234d-ae7bbaad9a21" testName="CSharpInteropClass_StaticMethod_HasJSTypePromiseNumber_ForNumericTaskParameterType(&quot;long&quot;,&quot;long&quot;)" computerName="DESKTOP-R6AM851" duration="00:00:00.0369240" startTime="2025-12-09T20:26:42.4283462+01:00" endTime="2025-12-09T20:26:42.4652694+01:00" testType="13cdc9d9-ddb5-4fa4-a97d-d965ccfc6d4b" outcome="Passed" testListId="8c84fa94-04c1-424b-9868-57a2d4851a1d" relativeResultsDirectory="81ae04a1-5910-488f-a9de-f9befa4dae52" />
    <UnitTestResult executionId="adb1e0a8-8567-47fa-a514-da6a7225a096" testId="a0e02144-e8fe-e7c0-af1a-1175de16dca7" testName="ClassInfoBuilder_Throws_ForUnsupportedNumericReturnType(&quot;UIntPtr&quot;,&quot;nuint&quot;)" computerName="DESKTOP-R6AM851" duration="00:00:00.0354099" startTime="2025-12-09T20:26:44.5778219+01:00" endTime="2025-12-09T20:26:44.6132312+01:00" testType="13cdc9d9-ddb5-4fa4-a97d-d965ccfc6d4b" outcome="Passed" testListId="8c84fa94-04c1-424b-9868-57a2d4851a1d" relativeResultsDirectory="adb1e0a8-8567-47fa-a514-da6a7225a096" />
    <UnitTestResult executionId="2ff00104-5bfc-4876-805e-ab6ecc320b14" testId="71533c23-9529-e2c4-c79b-32ec04d4b494" testName="ClassInfoBuilder_Throws_ForUnsupportedTaskTypeArguments(&quot;Action&quot;)" computerName="DESKTOP-R6AM851" duration="00:00:00.0355270" startTime="2025-12-09T20:26:45.0209603+01:00" endTime="2025-12-09T20:26:45.0564868+01:00" testType="13cdc9d9-ddb5-4fa4-a97d-d965ccfc6d4b" outcome="Passed" testListId="8c84fa94-04c1-424b-9868-57a2d4851a1d" relativeResultsDirectory="2ff00104-5bfc-4876-805e-ab6ecc320b14" />
    <UnitTestResult executionId="a362a965-caef-4a05-b2ed-a257e57f3bbc" testId="3181442c-7067-1d70-13a5-2925c01b2986" testName="ClassInfoBuilder_Throws_ForUnsupportedNumericReturnType(&quot;uint&quot;,&quot;uint&quot;)" computerName="DESKTOP-R6AM851" duration="00:00:00.0357370" startTime="2025-12-09T20:26:44.4715824+01:00" endTime="2025-12-09T20:26:44.5073183+01:00" testType="13cdc9d9-ddb5-4fa4-a97d-d965ccfc6d4b" outcome="Passed" testListId="8c84fa94-04c1-424b-9868-57a2d4851a1d" relativeResultsDirectory="a362a965-caef-4a05-b2ed-a257e57f3bbc" />
    <UnitTestResult executionId="f5cdc48d-52bc-4d97-a491-d77136d33ac6" testId="7a08318b-fb2a-f6f9-2c4c-1f0ef7feb17c" testName="CSharpInteropClass_StaticMethod_HasJSTypePromiseNumber_ForNumericTaskParameterType(&quot;Int32&quot;,&quot;int&quot;)" computerName="DESKTOP-R6AM851" duration="00:00:00.0423310" startTime="2025-12-09T20:26:42.3102137+01:00" endTime="2025-12-09T20:26:42.3525445+01:00" testType="13cdc9d9-ddb5-4fa4-a97d-d965ccfc6d4b" outcome="Passed" testListId="8c84fa94-04c1-424b-9868-57a2d4851a1d" relativeResultsDirectory="f5cdc48d-52bc-4d97-a491-d77136d33ac6" />
    <UnitTestResult executionId="f76e82f7-f541-4700-b783-b75c401f0767" testId="551f2f0b-1779-ffa7-213e-bbe54c3459b4" testName="CSharpInteropClass_StaticMethod_HasJSTypePromiseNumber_ForNumericTaskParameterType(&quot;byte&quot;,&quot;byte&quot;)" computerName="DESKTOP-R6AM851" duration="00:00:00.0395880" startTime="2025-12-09T20:26:42.1855545+01:00" endTime="2025-12-09T20:26:42.2251422+01:00" testType="13cdc9d9-ddb5-4fa4-a97d-d965ccfc6d4b" outcome="Passed" testListId="8c84fa94-04c1-424b-9868-57a2d4851a1d" relativeResultsDirectory="f76e82f7-f541-4700-b783-b75c401f0767" />
    <UnitTestResult executionId="04ea0676-d0da-452c-aeea-e8eeb0cdfd9d" testId="18b33472-f728-458d-4d86-c79347a81edc" testName="TypeScriptInteropInterfaceRenderer_InstanceMethod_WithPrimitiveParameterType_RendersJSType(&quot;string&quot;,&quot;string&quot;)" computerName="DESKTOP-R6AM851" duration="00:00:00.0461110" startTime="2025-12-09T20:26:45.3696789+01:00" endTime="2025-12-09T20:26:45.4157891+01:00" testType="13cdc9d9-ddb5-4fa4-a97d-d965ccfc6d4b" outcome="Passed" testListId="8c84fa94-04c1-424b-9868-57a2d4851a1d" relativeResultsDirectory="04ea0676-d0da-452c-aeea-e8eeb0cdfd9d" />
    <UnitTestResult executionId="cfabcd48-a1c8-478c-ba69-84422c18496e" testId="4c65e42f-fc0a-2bcb-d9b8-f9346596d446" testName="CSharpInteropClass_StaticMethod_RenderedWithJSTypeNumber_ForSupportedNullableNumericParameterType(&quot;Int32?&quot;,&quot;int?&quot;)" computerName="DESKTOP-R6AM851" duration="00:00:00.0385030" startTime="2025-12-09T20:26:39.5492717+01:00" endTime="2025-12-09T20:26:39.5877741+01:00" testType="13cdc9d9-ddb5-4fa4-a97d-d965ccfc6d4b" outcome="Passed" testListId="8c84fa94-04c1-424b-9868-57a2d4851a1d" relativeResultsDirectory="cfabcd48-a1c8-478c-ba69-84422c18496e" />
    <UnitTestResult executionId="5b5d682b-69b4-455c-abde-648bbd1ba421" testId="1f8025df-704e-df7b-9785-b24184e4d311" testName="CSharpInteropClass_StaticMethod_HasJSTypeNumber_ForNullableNumericReturnType(&quot;long?&quot;,&quot;long?&quot;)" computerName="DESKTOP-R6AM851" duration="00:00:00.0475410" startTime="2025-12-09T20:26:40.9393866+01:00" endTime="2025-12-09T20:26:40.9869266+01:00" testType="13cdc9d9-ddb5-4fa4-a97d-d965ccfc6d4b" outcome="Passed" testListId="8c84fa94-04c1-424b-9868-57a2d4851a1d" relativeResultsDirectory="5b5d682b-69b4-455c-abde-648bbd1ba421" />
    <UnitTestResult executionId="9fc23a91-fd5a-441c-be69-fec13223e830" testId="e4f8112f-f37c-a369-ae1b-7005e66cd8de" testName="CSharpInteropClass_StaticMethod_RenderedWithJSTypeNumber_ForSupportedNumericParameterType(&quot;float&quot;,&quot;float&quot;)" computerName="DESKTOP-R6AM851" duration="00:00:00.0397010" startTime="2025-12-09T20:26:40.4517564+01:00" endTime="2025-12-09T20:26:40.4914567+01:00" testType="13cdc9d9-ddb5-4fa4-a97d-d965ccfc6d4b" outcome="Passed" testListId="8c84fa94-04c1-424b-9868-57a2d4851a1d" relativeResultsDirectory="9fc23a91-fd5a-441c-be69-fec13223e830" />
    <UnitTestResult executionId="274bbef9-7891-4710-8219-46ec8f673920" testId="aa8487fa-f5a3-5e19-088b-9f3cf5a43c41" testName="TypeScriptUserClassProxy_InstanceMethod_GeneratesSimpleFunction(&quot;bool&quot;,&quot;boolean&quot;)" computerName="DESKTOP-R6AM851" duration="00:00:00.0352330" startTime="2025-12-09T20:26:45.9746738+01:00" endTime="2025-12-09T20:26:46.0099061+01:00" testType="13cdc9d9-ddb5-4fa4-a97d-d965ccfc6d4b" outcome="Passed" testListId="8c84fa94-04c1-424b-9868-57a2d4851a1d" relativeResultsDirectory="274bbef9-7891-4710-8219-46ec8f673920" />
    <UnitTestResult executionId="4947309d-828f-4bab-abec-163dd5f8215d" testId="200fa87b-a4b7-7d64-9bb8-d0fc829e481b" testName="CSharpInteropClass_StaticMethod_HasJSTypePromiseArrayNumber_ForNumericArrayReturnType(&quot;byte&quot;,&quot;byte&quot;)" computerName="DESKTOP-R6AM851" duration="00:00:00.0706140" startTime="2025-12-09T20:26:37.7825580+01:00" endTime="2025-12-09T20:26:37.8531716+01:00" testType="13cdc9d9-ddb5-4fa4-a97d-d965ccfc6d4b" outcome="Passed" testListId="8c84fa94-04c1-424b-9868-57a2d4851a1d" relativeResultsDirectory="4947309d-828f-4bab-abec-163dd5f8215d" />
    <UnitTestResult executionId="36126d14-d406-4eb1-8862-e59f528f720d" testId="b2e86667-bfa6-f09b-39b3-9e3a39e2c056" testName="CSharpInteropClass_DynamicMethod_HasJSTypePromiseAny_ForUserClassReturnType" computerName="DESKTOP-R6AM851" duration="00:00:00.1049870" startTime="2025-12-09T20:26:37.3746855+01:00" endTime="2025-12-09T20:26:37.4796719+01:00" testType="13cdc9d9-ddb5-4fa4-a97d-d965ccfc6d4b" outcome="Passed" testListId="8c84fa94-04c1-424b-9868-57a2d4851a1d" relativeResultsDirectory="36126d14-d406-4eb1-8862-e59f528f720d" />
    <UnitTestResult executionId="4afead78-40a0-4cf3-8f1c-ac68304d8372" testId="5be27339-b1b8-de89-910d-22cef86faaea" testName="CSharpInteropClass_DynamicMethod_RenderedWithJSTypeNumber_ForSupportedNumericParameterType(&quot;float&quot;,&quot;float&quot;)" computerName="DESKTOP-R6AM851" duration="00:00:00.0518240" startTime="2025-12-09T20:26:39.1384974+01:00" endTime="2025-12-09T20:26:39.1903205+01:00" testType="13cdc9d9-ddb5-4fa4-a97d-d965ccfc6d4b" outcome="Passed" testListId="8c84fa94-04c1-424b-9868-57a2d4851a1d" relativeResultsDirectory="4afead78-40a0-4cf3-8f1c-ac68304d8372" />
    <UnitTestResult executionId="6602933e-13ce-4754-aa23-2a6dd6d3c6ce" testId="8ac1ca00-81bb-a9b2-fe2b-c1ef823d5ed4" testName="CSharpInteropClass_StaticMethod_HasJSTypePromiseNumber_ForNumericReturnType(&quot;Single&quot;,&quot;float&quot;)" computerName="DESKTOP-R6AM851" duration="00:00:00.0389920" startTime="2025-12-09T20:26:43.2163761+01:00" endTime="2025-12-09T20:26:43.2553678+01:00" testType="13cdc9d9-ddb5-4fa4-a97d-d965ccfc6d4b" outcome="Passed" testListId="8c84fa94-04c1-424b-9868-57a2d4851a1d" relativeResultsDirectory="6602933e-13ce-4754-aa23-2a6dd6d3c6ce" />
    <UnitTestResult executionId="a4e90ea7-642f-48f8-9b71-d16bfe2bbf75" testId="afdbc800-b100-c04e-4db2-8c2b1f0ba512" testName="CSharpInteropClass_StaticMethod_HasJSTypePromiseNumber_ForNumericReturnType(&quot;Byte&quot;,&quot;byte&quot;)" computerName="DESKTOP-R6AM851" duration="00:00:00.0384390" startTime="2025-12-09T20:26:42.8416920+01:00" endTime="2025-12-09T20:26:42.8801305+01:00" testType="13cdc9d9-ddb5-4fa4-a97d-d965ccfc6d4b" outcome="Passed" testListId="8c84fa94-04c1-424b-9868-57a2d4851a1d" relativeResultsDirectory="a4e90ea7-642f-48f8-9b71-d16bfe2bbf75" />
    <UnitTestResult executionId="55ca6746-25c3-4397-bf02-549bab0f69db" testId="6338d9d6-5fae-fef9-fbdb-5adcaa71abe7" testName="CSharpInteropClass_DynamicMethod_HasJSTypeString_ForStringParameterType" computerName="DESKTOP-R6AM851" duration="00:00:00.0376660" startTime="2025-12-09T20:26:41.7605085+01:00" endTime="2025-12-09T20:26:41.7981743+01:00" testType="13cdc9d9-ddb5-4fa4-a97d-d965ccfc6d4b" outcome="Passed" testListId="8c84fa94-04c1-424b-9868-57a2d4851a1d" relativeResultsDirectory="55ca6746-25c3-4397-bf02-549bab0f69db" />
    <UnitTestResult executionId="83be61be-caa6-4df6-9d88-ed2ba58c4a5e" testId="d69abf7a-bc69-b8f1-df94-1fe8336610a5" testName="CSharpInteropClass_DynamicMethod_RenderedWithJSTypeNumber_ForSupportedNumericParameterType(&quot;byte&quot;,&quot;byte&quot;)" computerName="DESKTOP-R6AM851" duration="00:00:00.0549390" startTime="2025-12-09T20:26:38.6659009+01:00" endTime="2025-12-09T20:26:38.7208396+01:00" testType="13cdc9d9-ddb5-4fa4-a97d-d965ccfc6d4b" outcome="Passed" testListId="8c84fa94-04c1-424b-9868-57a2d4851a1d" relativeResultsDirectory="83be61be-caa6-4df6-9d88-ed2ba58c4a5e" />
    <UnitTestResult executionId="9cd115da-05c1-48d0-be84-ca1aa272d31f" testId="3fb04dbb-5086-7ae8-4401-b97a4a004f70" testName="ClassInfoBuilder_Throws_ForUnsupportedArrayTypeArguments(&quot;Function&lt;int&gt;&quot;)" computerName="DESKTOP-R6AM851" duration="00:00:00.0482210" startTime="2025-12-09T20:26:44.1280581+01:00" endTime="2025-12-09T20:26:44.1762778+01:00" testType="13cdc9d9-ddb5-4fa4-a97d-d965ccfc6d4b" outcome="Passed" testListId="8c84fa94-04c1-424b-9868-57a2d4851a1d" relativeResultsDirectory="9cd115da-05c1-48d0-be84-ca1aa272d31f" />
    <UnitTestResult executionId="56e0a590-2836-4e33-bed9-a32e7d8d90d5" testId="d181c4b0-5516-02ad-2cc2-acb79ae72cbf" testName="CSharpInteropClass_StaticMethod_HasJSTypeNumber_ForNumericReturnType(&quot;Int32&quot;,&quot;int&quot;)" computerName="DESKTOP-R6AM851" duration="00:00:00.0365260" startTime="2025-12-09T20:26:41.3858815+01:00" endTime="2025-12-09T20:26:41.4224067+01:00" testType="13cdc9d9-ddb5-4fa4-a97d-d965ccfc6d4b" outcome="Passed" testListId="8c84fa94-04c1-424b-9868-57a2d4851a1d" relativeResultsDirectory="56e0a590-2836-4e33-bed9-a32e7d8d90d5" />
    <UnitTestResult executionId="be089052-5b96-4554-a264-6a72d2cdc980" testId="a30477ee-7ba2-0202-edc4-1560ba0facc2" testName="CSharpInteropClass_DynamicMethod_RenderedWithJSTypeNumber_ForSupportedNumericParameterType(&quot;Single&quot;,&quot;float&quot;)" computerName="DESKTOP-R6AM851" duration="00:00:00.0830790" startTime="2025-12-09T20:26:39.0553921+01:00" endTime="2025-12-09T20:26:39.1384708+01:00" testType="13cdc9d9-ddb5-4fa4-a97d-d965ccfc6d4b" outcome="Passed" testListId="8c84fa94-04c1-424b-9868-57a2d4851a1d" relativeResultsDirectory="be089052-5b96-4554-a264-6a72d2cdc980" />
    <UnitTestResult executionId="75dda3d0-87f2-4273-abb4-324702b665e6" testId="d6d7c9b4-cd28-0415-b881-44f0daa494d8" testName="CSharpInteropClass_StaticMethod_HasJSTypePromiseNumber_ForNumericReturnType(&quot;Double&quot;,&quot;double&quot;)" computerName="DESKTOP-R6AM851" duration="00:00:00.0359649" startTime="2025-12-09T20:26:43.2948550+01:00" endTime="2025-12-09T20:26:43.3308192+01:00" testType="13cdc9d9-ddb5-4fa4-a97d-d965ccfc6d4b" outcome="Passed" testListId="8c84fa94-04c1-424b-9868-57a2d4851a1d" relativeResultsDirectory="75dda3d0-87f2-4273-abb4-324702b665e6" />
    <UnitTestResult executionId="865971d4-d666-48e5-b09b-c2413cc1a656" testId="5ac59582-23ad-634d-b29a-b73b5ad77ac6" testName="CSharpInteropClass_StaticMethod_HasJSTypeDateTime_ForDateTimeParameterType(&quot;DateTime&quot;)" computerName="DESKTOP-R6AM851" duration="00:00:00.0608380" startTime="2025-12-09T20:26:38.2843733+01:00" endTime="2025-12-09T20:26:38.3452103+01:00" testType="13cdc9d9-ddb5-4fa4-a97d-d965ccfc6d4b" outcome="Passed" testListId="8c84fa94-04c1-424b-9868-57a2d4851a1d" relativeResultsDirectory="865971d4-d666-48e5-b09b-c2413cc1a656" />
    <UnitTestResult executionId="dd664854-cda8-4e0e-827d-8a2469ae690d" testId="086b1eea-ac07-bffe-4afb-d5dacd26a76d" testName="CSharpInteropClass_StaticMethod_HasJSTypePromiseNumber_ForNumericReturnType(&quot;byte&quot;,&quot;byte&quot;)" computerName="DESKTOP-R6AM851" duration="00:00:00.0380230" startTime="2025-12-09T20:26:42.8801538+01:00" endTime="2025-12-09T20:26:42.9181762+01:00" testType="13cdc9d9-ddb5-4fa4-a97d-d965ccfc6d4b" outcome="Passed" testListId="8c84fa94-04c1-424b-9868-57a2d4851a1d" relativeResultsDirectory="dd664854-cda8-4e0e-827d-8a2469ae690d" />
[...]
    <TestEntry testId="cc19c1df-494e-607b-97d5-ac91f5aee468" executionId="9bb5f0d2-33c2-489a-a0fe-ac1cf21c940f" testListId="8c84fa94-04c1-424b-9868-57a2d4851a1d" />
    <TestEntry testId="9a99a6a2-3eac-4a27-7143-515fa2318c88" executionId="1b610b7a-3594-4be6-9dc6-2f6bc9961673" testListId="8c84fa94-04c1-424b-9868-57a2d4851a1d" />
    <TestEntry testId="b2b5d0af-4c77-d8a3-3970-8e1cba20d73d" executionId="773aab75-2f06-420d-84fb-4bc7d262c155" testListId="8c84fa94-04c1-424b-9868-57a2d4851a1d" />
    <TestEntry testId="86392dc4-0eeb-e0be-7499-a3326b637c0e" executionId="c155c7c5-e8c2-4a9d-8c2a-0b78e4f84918" testListId="8c84fa94-04c1-424b-9868-57a2d4851a1d" />
    <TestEntry testId="ff4c43f6-2531-1a35-97ba-aabd97f5467f" executionId="611eb606-4865-45c4-b9ac-084944746b18" testListId="8c84fa94-04c1-424b-9868-57a2d4851a1d" />
    <TestEntry testId="c2c0411e-2f78-d1d9-003d-62b2a9a6534e" executionId="d0c32fe0-1227-4e91-bc00-0865a0cfa362" testListId="8c84fa94-04c1-424b-9868-57a2d4851a1d" />
    <TestEntry testId="bb29e2b9-8a95-1ed0-6b42-2e7fdb837663" executionId="f164cea0-22a4-4d48-9c22-06028c5f0b0c" testListId="8c84fa94-04c1-424b-9868-57a2d4851a1d" />
    <TestEntry testId="8f45e682-823e-fac8-36da-fb299a51540b" executionId="809b5fde-f89a-4a45-ac9b-ee2be6026732" testListId="8c84fa94-04c1-424b-9868-57a2d4851a1d" />
    <TestEntry testId="22b81dc5-342c-1458-2eb8-6402340b77cb" executionId="b7a977b9-7dd6-4732-b655-bf2ad74fad66" testListId="8c84fa94-04c1-424b-9868-57a2d4851a1d" />
    <TestEntry testId="1c0c4f0a-b21e-d196-5082-2dbc2d714430" executionId="ffe6711e-3547-40c3-bd05-2c4bc5842cce" testListId="8c84fa94-04c1-424b-9868-57a2d4851a1d" />
    <TestEntry testId="39f4f24f-028a-99d3-9f2e-c8630e720fcd" executionId="ab445f47-bd42-47e4-bedf-1364356ea545" testListId="8c84fa94-04c1-424b-9868-57a2d4851a1d" />
    <TestEntry testId="49e44ba9-819e-6687-e599-e8e9f3b03544" executionId="6ecf3598-e932-4c2e-a166-c5309f9fa87c" testListId="8c84fa94-04c1-424b-9868-57a2d4851a1d" />
    <TestEntry testId="4c1ca3c3-fd9e-aaf0-408d-2eb76c646cae" executionId="12d744cf-ba6d-4fff-a4c9-ddc9222f3a45" testListId="8c84fa94-04c1-424b-9868-57a2d4851a1d" />
    <TestEntry testId="0c681c98-b31b-af26-6c37-23fd078d2823" executionId="975fb092-09cf-4dcc-b8e2-791cd1f95bd5" testListId="8c84fa94-04c1-424b-9868-57a2d4851a1d" />
    <TestEntry testId="53b21c98-5c2a-938a-10bd-18988a41362f" executionId="9dbe8b8c-3e7c-4a17-8fe2-7f640c36072b" testListId="8c84fa94-04c1-424b-9868-57a2d4851a1d" />
    <TestEntry testId="7d9e45aa-1bbd-851f-18fb-b0029710c175" executionId="d0d68b44-487f-4bbc-9d69-97c2bf9ead39" testListId="8c84fa94-04c1-424b-9868-57a2d4851a1d" />
    <TestEntry testId="02d23cfe-06e7-7c59-12c5-7b3a379aa8b2" executionId="37fc42d0-a5d8-453a-947d-a22b57a7c6eb" testListId="8c84fa94-04c1-424b-9868-57a2d4851a1d" />
    <TestEntry testId="bbec8bca-b249-614d-95ed-498ddf335c0b" executionId="2c225ca0-9a30-4ca6-885b-ab0732d236d4" testListId="8c84fa94-04c1-424b-9868-57a2d4851a1d" />
    <TestEntry testId="9b7cd21d-b37d-01aa-ead7-bb37dcdaf866" executionId="d5123bff-e485-48e3-bcd6-d449450b1584" testListId="8c84fa94-04c1-424b-9868-57a2d4851a1d" />
    <TestEntry testId="5426a19d-cec2-09b8-d492-1d83f5d6e888" executionId="9734b90e-e337-4b4a-939e-73f9bc0b20cf" testListId="8c84fa94-04c1-424b-9868-57a2d4851a1d" />
    <TestEntry testId="e419b57f-f09a-488a-3ca3-141df8eb2138" executionId="f663151e-de99-4715-b8d9-f8f3b7509866" testListId="8c84fa94-04c1-424b-9868-57a2d4851a1d" />
    <TestEntry testId="b40d1b17-fd69-3e2c-5e8f-fa58d863a40d" executionId="f0f3d38e-6478-47ec-96f3-95f6b856d774" testListId="8c84fa94-04c1-424b-9868-57a2d4851a1d" />
    <TestEntry testId="a42b3d85-e5b5-ae25-379b-4e9f01b946ad" executionId="42da3581-b227-49ba-92b0-4402c688e2a1" testListId="8c84fa94-04c1-424b-9868-57a2d4851a1d" />
    <TestEntry testId="d17d485f-17e2-43cf-4a88-88cb4e8b7e8e" executionId="8ecb6e3d-18a8-4c53-ae4a-17dec5f45e88" testListId="8c84fa94-04c1-424b-9868-57a2d4851a1d" />
    <TestEntry testId="e9c9bcfd-03ec-4e3c-3369-d9a0f1e4f6de" executionId="de50d9e7-4e06-426a-9d66-fa743c6cf6d4" testListId="8c84fa94-04c1-424b-9868-57a2d4851a1d" />
    <TestEntry testId="c28e5e9d-524b-e871-0d8b-bb1fedb2b8e7" executionId="c7926e1f-853f-4f87-b11a-5906b162f46a" testListId="8c84fa94-04c1-424b-9868-57a2d4851a1d" />
    <TestEntry testId="1125d819-e67b-d927-972f-011701c1af06" executionId="f52aacc1-0d4a-4901-953a-ff1d4842f95b" testListId="8c84fa94-04c1-424b-9868-57a2d4851a1d" />
    <TestEntry testId="7182c536-4f66-ec3a-2764-8d539545e7ef" executionId="cce95b77-0048-47d5-b896-fe9dfbcabb45" testListId="8c84fa94-04c1-424b-9868-57a2d4851a1d" />
    <TestEntry testId="ae250cd6-94c6-d33b-8acd-4b6140d90204" executionId="b81b473b-adf7-4344-8449-e81fc3f6efd1" testListId="8c84fa94-04c1-424b-9868-57a2d4851a1d" />
    <TestEntry testId="c3354fab-9bd4-a840-234d-ae7bbaad9a21" executionId="81ae04a1-5910-488f-a9de-f9befa4dae52" testListId="8c84fa94-04c1-424b-9868-57a2d4851a1d" />
    <TestEntry testId="a0e02144-e8fe-e7c0-af1a-1175de16dca7" executionId="adb1e0a8-8567-47fa-a514-da6a7225a096" testListId="8c84fa94-04c1-424b-9868-57a2d4851a1d" />
    <TestEntry testId="71533c23-9529-e2c4-c79b-32ec04d4b494" executionId="2ff00104-5bfc-4876-805e-ab6ecc320b14" testListId="8c84fa94-04c1-424b-9868-57a2d4851a1d" />
    <TestEntry testId="3181442c-7067-1d70-13a5-2925c01b2986" executionId="a362a965-caef-4a05-b2ed-a257e57f3bbc" testListId="8c84fa94-04c1-424b-9868-57a2d4851a1d" />
    <TestEntry testId="7a08318b-fb2a-f6f9-2c4c-1f0ef7feb17c" executionId="f5cdc48d-52bc-4d97-a491-d77136d33ac6" testListId="8c84fa94-04c1-424b-9868-57a2d4851a1d" />
    <TestEntry testId="551f2f0b-1779-ffa7-213e-bbe54c3459b4" executionId="f76e82f7-f541-4700-b783-b75c401f0767" testListId="8c84fa94-04c1-424b-9868-57a2d4851a1d" />
    <TestEntry testId="18b33472-f728-458d-4d86-c79347a81edc" executionId="04ea0676-d0da-452c-aeea-e8eeb0cdfd9d" testListId="8c84fa94-04c1-424b-9868-57a2d4851a1d" />
    <TestEntry testId="4c65e42f-fc0a-2bcb-d9b8-f9346596d446" executionId="cfabcd48-a1c8-478c-ba69-84422c18496e" testListId="8c84fa94-04c1-424b-9868-57a2d4851a1d" />
    <TestEntry testId="1f8025df-704e-df7b-9785-b24184e4d311" executionId="5b5d682b-69b4-455c-abde-648bbd1ba421" testListId="8c84fa94-04c1-424b-9868-57a2d4851a1d" />
    <TestEntry testId="e4f8112f-f37c-a369-ae1b-7005e66cd8de" executionId="9fc23a91-fd5a-441c-be69-fec13223e830" testListId="8c84fa94-04c1-424b-9868-57a2d4851a1d" />
    <TestEntry testId="aa8487fa-f5a3-5e19-088b-9f3cf5a43c41" executionId="274bbef9-7891-4710-8219-46ec8f673920" testListId="8c84fa94-04c1-424b-9868-57a2d4851a1d" />
    <TestEntry testId="200fa87b-a4b7-7d64-9bb8-d0fc829e481b" executionId="4947309d-828f-4bab-abec-163dd5f8215d" testListId="8c84fa94-04c1-424b-9868-57a2d4851a1d" />
    <TestEntry testId="b2e86667-bfa6-f09b-39b3-9e3a39e2c056" executionId="36126d14-d406-4eb1-8862-e59f528f720d" testListId="8c84fa94-04c1-424b-9868-57a2d4851a1d" />
    <TestEntry testId="5be27339-b1b8-de89-910d-22cef86faaea" executionId="4afead78-40a0-4cf3-8f1c-ac68304d8372" testListId="8c84fa94-04c1-424b-9868-57a2d4851a1d" />
    <TestEntry testId="8ac1ca00-81bb-a9b2-fe2b-c1ef823d5ed4" executionId="6602933e-13ce-4754-aa23-2a6dd6d3c6ce" testListId="8c84fa94-04c1-424b-9868-57a2d4851a1d" />
    <TestEntry testId="afdbc800-b100-c04e-4db2-8c2b1f0ba512" executionId="a4e90ea7-642f-48f8-9b71-d16bfe2bbf75" testListId="8c84fa94-04c1-424b-9868-57a2d4851a1d" />
    <TestEntry testId="6338d9d6-5fae-fef9-fbdb-5adcaa71abe7" executionId="55ca6746-25c3-4397-bf02-549bab0f69db" testListId="8c84fa94-04c1-424b-9868-57a2d4851a1d" />
    <TestEntry testId="d69abf7a-bc69-b8f1-df94-1fe8336610a5" executionId="83be61be-caa6-4df6-9d88-ed2ba58c4a5e" testListId="8c84fa94-04c1-424b-9868-57a2d4851a1d" />
    <TestEntry testId="3fb04dbb-5086-7ae8-4401-b97a4a004f70" executionId="9cd115da-05c1-48d0-be84-ca1aa272d31f" testListId="8c84fa94-04c1-424b-9868-57a2d4851a1d" />
    <TestEntry testId="d181c4b0-5516-02ad-2cc2-acb79ae72cbf" executionId="56e0a590-2836-4e33-bed9-a32e7d8d90d5" testListId="8c84fa94-04c1-424b-9868-57a2d4851a1d" />
    <TestEntry testId="a30477ee-7ba2-0202-edc4-1560ba0facc2" executionId="be089052-5b96-4554-a264-6a72d2cdc980" testListId="8c84fa94-04c1-424b-9868-57a2d4851a1d" />
    <TestEntry testId="d6d7c9b4-cd28-0415-b881-44f0daa494d8" executionId="75dda3d0-87f2-4273-abb4-324702b665e6" testListId="8c84fa94-04c1-424b-9868-57a2d4851a1d" />
    <TestEntry testId="5ac59582-23ad-634d-b29a-b73b5ad77ac6" executionId="865971d4-d666-48e5-b09b-c2413cc1a656" testListId="8c84fa94-04c1-424b-9868-57a2d4851a1d" />
    <TestEntry testId="086b1eea-ac07-bffe-4afb-d5dacd26a76d" executionId="dd664854-cda8-4e0e-827d-8a2469ae690d" testListId="8c84fa94-04c1-424b-9868-57a2d4851a1d" />
    <TestEntry testId="08680473-b045-5909-fcaa-a8bc8c71f533" executionId="fec640be-3e1f-4882-8183-f6f1d984fe7d" testListId="8c84fa94-04c1-424b-9868-57a2d4851a1d" />
    <TestEntry testId="8ed91888-9123-dcf6-be7a-7bbb9e2b08e4" executionId="ea17a3f5-1020-404d-928c-1e2b88762009" testListId="8c84fa94-04c1-424b-9868-57a2d4851a1d" />
    <TestEntry testId="c30070c0-65de-efc9-13ff-7da4c6a299eb" executionId="d95da67b-e930-4084-8753-f10c1f804653" testListId="8c84fa94-04c1-424b-9868-57a2d4851a1d" />
    <TestEntry testId="b8f89d92-e9d3-2251-0859-4512263762ed" executionId="cf3af820-c4d2-4e21-8e58-0f74adcceaac" testListId="8c84fa94-04c1-424b-9868-57a2d4851a1d" />
    <TestEntry testId="2aeac4df-5da2-5fcc-ca4e-48e2a386ade5" executionId="35eeb8ed-77c0-4a42-a967-cb8ffe13afc9" testListId="8c84fa94-04c1-424b-9868-57a2d4851a1d" />
    <TestEntry testId="01d30097-15c8-e649-df95-c1ea30e8e8fc" executionId="25bca0a5-db22-4c8e-907a-a48142379cbf" testListId="8c84fa94-04c1-424b-9868-57a2d4851a1d" />
    <TestEntry testId="6d55e48a-57b3-44e8-78d9-de75f93d32fd" executionId="4b4fa118-9040-4fe8-801a-9035f4b6cb79" testListId="8c84fa94-04c1-424b-9868-57a2d4851a1d" />
    <TestEntry testId="61b16b85-741a-27f2-9f4c-b9c18060d43b" executionId="9a6db402-4011-439f-b7a8-378cbd6c007f" testListId="8c84fa94-04c1-424b-9868-57a2d4851a1d" />
    <TestEntry testId="1bf0589a-9457-50f1-7aa6-1cef6582cb58" executionId="eb98fd2e-2fe9-45e4-ba11-c47141ced15e" testListId="8c84fa94-04c1-424b-9868-57a2d4851a1d" />
    <TestEntry testId="8dc29a13-0ee4-2c13-bd10-26f2bd3533c2" executionId="b4b84554-7a2e-4f1c-9925-e1db087f6f7b" testListId="8c84fa94-04c1-424b-9868-57a2d4851a1d" />
    <TestEntry testId="7e437c2a-012b-8d5e-77c3-df120a443ae8" executionId="9041b7a8-8b6b-4802-a5fd-5a2dfa3b3500" testListId="8c84fa94-04c1-424b-9868-57a2d4851a1d" />
    <TestEntry testId="5ddaf49c-ef96-133f-ab5b-804155592c50" executionId="0a491020-875b-4dfe-9407-846da506f1d9" testListId="8c84fa94-04c1-424b-9868-57a2d4851a1d" />
    <TestEntry testId="cf67fac5-4d7f-b9b3-58ad-b9fc81207ffa" executionId="6a8e9315-6bf2-4a9c-b65c-bb100a7286a2" testListId="8c84fa94-04c1-424b-9868-57a2d4851a1d" />
    <TestEntry testId="bf843043-b3ea-281a-74b0-225ffd875fa7" executionId="4023b0db-6516-459b-94d4-ec83a281b4e4" testListId="8c84fa94-04c1-424b-9868-57a2d4851a1d" />
    <TestEntry testId="d13c9eff-8b3f-92c3-17b7-7e98af09cc0e" executionId="4bf08351-8787-46c4-bea0-6932da5ef1aa" testListId="8c84fa94-04c1-424b-9868-57a2d4851a1d" />
    <TestEntry testId="ab3c4c69-426f-b30f-b74f-3fc97372e5b9" executionId="14268d61-9f46-4260-b4b5-9fb18fcaac91" testListId="8c84fa94-04c1-424b-9868-57a2d4851a1d" />
    <TestEntry testId="5f785262-d209-9409-4e26-cdf3c540cdd6" executionId="89866144-9079-4aeb-afe1-6c7a3751fbd2" testListId="8c84fa94-04c1-424b-9868-57a2d4851a1d" />
    <TestEntry testId="74480232-a255-fbdf-b7d4-8e3bcff13932" executionId="e9960bd7-4bf9-4984-8572-de71fd17cf66" testListId="8c84fa94-04c1-424b-9868-57a2d4851a1d" />
    <TestEntry testId="b0a424cb-505d-99e9-8b9f-47158c198888" executionId="b3e93652-9289-4258-84df-b71c17d3990c" testListId="8c84fa94-04c1-424b-9868-57a2d4851a1d" />
    <TestEntry testId="4a849e72-4ecd-1402-5d87-41a15ab306cd" executionId="9d1e2520-df1b-4467-a686-a4ac0a5db211" testListId="8c84fa94-04c1-424b-9868-57a2d4851a1d" />
    <TestEntry testId="d6d0f6bf-7906-a529-9527-61be68f605e5" executionId="745035a8-7b6e-42e2-9eb6-9a5bc0105c1a" testListId="8c84fa94-04c1-424b-9868-57a2d4851a1d" />
    <TestEntry testId="f0c62c7a-5e31-e5d2-e430-4bef4f54ed63" executionId="e03cb89c-a726-46ae-b4d3-21c19b682dbd" testListId="8c84fa94-04c1-424b-9868-57a2d4851a1d" />
    <TestEntry testId="bf0649d2-59a2-854e-40e9-c46d0c7415da" executionId="4863d8ec-2bc7-4b09-8052-046a05ae70c2" testListId="8c84fa94-04c1-424b-9868-57a2d4851a1d" />
    <TestEntry testId="420b6eab-98ca-5719-70f8-e25ef1136872" executionId="f09ef42a-6f96-4866-88ec-bae5886b83d2" testListId="8c84fa94-04c1-424b-9868-57a2d4851a1d" />
    <TestEntry testId="e5dd4b76-584a-32f9-87ee-a74c1c7617a1" executionId="90ae63eb-d043-4e50-92aa-88eaab4659e8" testListId="8c84fa94-04c1-424b-9868-57a2d4851a1d" />
    <TestEntry testId="cfbb1849-534b-f08e-19c6-15eaee89756a" executionId="70b7da9e-c0e0-4d6c-807d-47287b3b7ec8" testListId="8c84fa94-04c1-424b-9868-57a2d4851a1d" />
    <TestEntry testId="f2c65ed8-a3fa-480e-87b3-dbb505272383" executionId="c585e8f2-a1b1-4106-ad6c-21201ef8480a" testListId="8c84fa94-04c1-424b-9868-57a2d4851a1d" />
    <TestEntry testId="6c9a984d-4706-d170-91db-cff95af92e07" executionId="f185e292-6d12-4782-bc51-7f3141ca275a" testListId="8c84fa94-04c1-424b-9868-57a2d4851a1d" />
    <TestEntry testId="a3ed6e45-32aa-7d1e-4424-5e44ac51973c" executionId="8e4b385f-33d0-4a7d-bd4a-78ed99d1572c" testListId="8c84fa94-04c1-424b-9868-57a2d4851a1d" />
    <TestEntry testId="3f2625e3-8ab8-9807-fd64-5e4158451b4b" executionId="b29fdab9-0f88-41c0-9f79-8ed55e35b6bb" testListId="8c84fa94-04c1-424b-9868-57a2d4851a1d" />
    <TestEntry testId="6f51ef46-e36a-f279-7ad5-0b41581e6f41" executionId="d562a3fa-7f2f-4a0c-b276-8f00ae8a26f7" testListId="8c84fa94-04c1-424b-9868-57a2d4851a1d" />
    <TestEntry testId="d0f7d12a-636d-14c1-3774-d81e6cdc483f" executionId="e3cadac0-3d08-4c21-b7e6-5c8ad4de692a" testListId="8c84fa94-04c1-424b-9868-57a2d4851a1d" />
    <TestEntry testId="ca623b56-6c66-93d5-0ed0-aaaeee0bb7a9" executionId="1c50274c-1650-47c1-bdfd-0a0a7889c85b" testListId="8c84fa94-04c1-424b-9868-57a2d4851a1d" />
    <TestEntry testId="bdbe7f75-7b5f-3af5-5f91-53ca59aed93a" executionId="c0f78e8d-b3d3-45e8-93b6-3d918319b946" testListId="8c84fa94-04c1-424b-9868-57a2d4851a1d" />
    <TestEntry testId="a6412275-0b6b-f6c6-59e3-151cb7b7328e" executionId="f7695b1e-8fb8-4042-aac3-116f07e23011" testListId="8c84fa94-04c1-424b-9868-57a2d4851a1d" />
    <TestEntry testId="d232605c-b064-0ce5-45b9-388f86c43368" executionId="9888fa80-80b2-4817-8f0e-af10fd1b896a" testListId="8c84fa94-04c1-424b-9868-57a2d4851a1d" />
    <TestEntry testId="1d6a0b8a-95a5-2736-145d-82e210b89d37" executionId="0d6c2871-95e4-4c71-8788-e249a0999eab" testListId="8c84fa94-04c1-424b-9868-57a2d4851a1d" />
    <TestEntry testId="4b4013d3-eda7-1093-2c69-531ffcf30377" executionId="7d212f95-cd4a-4d29-b756-e3fc131ffb66" testListId="8c84fa94-04c1-424b-9868-57a2d4851a1d" />
    <TestEntry testId="0e2b6a66-19a5-c1cd-77e4-f5c8ce9a03ca" executionId="470db972-ed1a-465e-8c89-9b489ab94993" testListId="8c84fa94-04c1-424b-9868-57a2d4851a1d" />
    <TestEntry testId="08ba878e-6a08-f141-338b-02f517afddfc" executionId="0e462f05-39be-4781-9a82-1a7265b87618" testListId="8c84fa94-04c1-424b-9868-57a2d4851a1d" />
    <TestEntry testId="571a9be2-86d9-39fb-bbd4-ea85b7f17d93" executionId="e81134c8-01c6-4588-82e9-41b1226fea54" testListId="8c84fa94-04c1-424b-9868-57a2d4851a1d" />
    <TestEntry testId="3c8e53ca-59d9-5aca-9ed4-55e795f87ed7" executionId="190d44a3-7525-4d80-909c-6aff5a714850" testListId="8c84fa94-04c1-424b-9868-57a2d4851a1d" />
    <TestEntry testId="dd2b4751-7a81-74e7-8f13-eb19da2576e5" executionId="80c488b5-547d-4d3d-8272-71a2dbfa40e7" testListId="8c84fa94-04c1-424b-9868-57a2d4851a1d" />
    <TestEntry testId="078efecc-2108-6dca-0500-f23cc05894c6" executionId="ac3360b0-7029-463d-bf25-16813d591e0a" testListId="8c84fa94-04c1-424b-9868-57a2d4851a1d" />
    <TestEntry testId="425493a1-2686-a8f7-faf8-a3218b28abee" executionId="5806fd54-1e08-4cf7-86b7-0ae9c659fb69" testListId="8c84fa94-04c1-424b-9868-57a2d4851a1d" />
    <TestEntry testId="ab31eaae-8387-36bd-c6e3-10e5e0e826df" executionId="06c7ad8f-1d68-4031-ba44-79ef74ed6d9a" testListId="8c84fa94-04c1-424b-9868-57a2d4851a1d" />
    <TestEntry testId="8a911f3f-d928-1453-628c-536db1c3e7ba" executionId="0ef9da28-2fd7-4828-b863-1b251d871b8a" testListId="8c84fa94-04c1-424b-9868-57a2d4851a1d" />
    <TestEntry testId="0e7685b9-8db8-4308-265f-015db27ee78d" executionId="9c2a63ca-ad11-43cd-a4d5-b059f400e02c" testListId="8c84fa94-04c1-424b-9868-57a2d4851a1d" />
    <TestEntry testId="2b4b382b-7977-02d1-d3f2-1d322648702f" executionId="0acf300b-908d-4df4-b3b2-2053317b75ad" testListId="8c84fa94-04c1-424b-9868-57a2d4851a1d" />
    <TestEntry testId="761dfba6-d3de-5b52-5e4d-0eafdca63ca7" executionId="bb491092-efde-4aee-b19a-89ab3f767fb9" testListId="8c84fa94-04c1-424b-9868-57a2d4851a1d" />
    <TestEntry testId="8fe85665-5c03-b602-8949-2e965b6be08b" executionId="a4c40b1c-22af-44a0-9e96-50d66ba9c421" testListId="8c84fa94-04c1-424b-9868-57a2d4851a1d" />
    <TestEntry testId="f4aba87e-8365-1843-ec30-5e9eb458685f" executionId="517c589b-3960-4da2-b3dd-d8d205650c2e" testListId="8c84fa94-04c1-424b-9868-57a2d4851a1d" />
    <TestEntry testId="d4520e90-5f25-196e-ab0f-4d998827fafc" executionId="4798ac03-8bcf-4f09-adf5-7d2e4a72bcd4" testListId="8c84fa94-04c1-424b-9868-57a2d4851a1d" />
    <TestEntry testId="62b8223d-6e04-b14d-a6c6-8e3042e19c46" executionId="6a7c5d55-1e4e-4dcc-ab0e-054b42a9cc34" testListId="8c84fa94-04c1-424b-9868-57a2d4851a1d" />
    <TestEntry testId="f165b028-1c7a-66a4-8c5e-2a81ab044b3f" executionId="b063c9a2-3b75-4e8c-b697-4979deb8f49c" testListId="8c84fa94-04c1-424b-9868-57a2d4851a1d" />
    <TestEntry testId="cebb9ddf-56d7-71f1-1d78-2966e784d784" executionId="9915e37a-bac0-4883-80b5-1e8b95def9b4" testListId="8c84fa94-04c1-424b-9868-57a2d4851a1d" />
    <TestEntry testId="c673c8d8-08eb-8a2f-1c08-3433cec0d171" executionId="bf286140-99b5-4a4a-a8e8-50b94aa020bf" testListId="8c84fa94-04c1-424b-9868-57a2d4851a1d" />
    <TestEntry testId="c7aff235-8496-2737-0de6-97b052778c2e" executionId="77f98640-bef1-4dad-9aa2-57a659335c0b" testListId="8c84fa94-04c1-424b-9868-57a2d4851a1d" />
    <TestEntry testId="75f45c80-0f58-5681-c3a4-80d95147986c" executionId="95f9924d-7c5a-46f2-a6c2-d4c0900c9ab0" testListId="8c84fa94-04c1-424b-9868-57a2d4851a1d" />
    <TestEntry testId="6fc4602c-8786-2071-5916-e04b1fd51b02" executionId="db2b48c5-b629-48d8-bf6d-3875ac5dec05" testListId="8c84fa94-04c1-424b-9868-57a2d4851a1d" />
    <TestEntry testId="3486344a-13e6-95ef-9e9e-3aa9023796e4" executionId="edcb690b-f350-47c7-9a46-93a11a0edab9" testListId="8c84fa94-04c1-424b-9868-57a2d4851a1d" />
    <TestEntry testId="e5c99901-9656-8138-000f-c224263512f6" executionId="8a97a35f-4b2b-4167-a6b1-12837cecdce4" testListId="8c84fa94-04c1-424b-9868-57a2d4851a1d" />
  </TestEntries>
  <TestLists>
    <TestList name="Results Not in a List" id="8c84fa94-04c1-424b-9868-57a2d4851a1d" />
    <TestList name="All Loaded Results" id="19431567-8539-422a-85d7-44ee4e166bda" />
  </TestLists>
  <ResultSummary outcome="Completed">
    <Counters total="202" executed="202" passed="202" failed="0" error="0" timeout="0" aborted="0" inconclusive="0" passedButRunAborted="0" notRunnable="0" notExecuted="0" disconnected="0" warning="0" completed="0" inProgress="0" pending="0" />
    <Output>
      <StdOut>NUnit Adapter 6.0.0.0: Test execution started&#xD;
Running all tests in C:\Users\marcd\source\repos\DotNetWasmReact\TypeShim.Generator.Tests\bin\Debug\net10.0\TypeShim.Generator.Tests.dll&#xD;
   NUnit3TestExecutor discovered 202 of 202 NUnit test cases using Current Discovery mode, Non-Explicit run&#xD;
NUnit Adapter 6.0.0.0: Test execution complete&#xD;
</StdOut>
    </Output>
  </ResultSummary>
</TestRun>